[debug] [2023-05-01T14:30:51.440Z] ----------------------------------------------------------------------
[debug] [2023-05-01T14:30:51.441Z] Command:       /Users/nekruzavgani/.nvm/versions/node/v18.15.0/bin/node /Users/nekruzavgani/.nvm/versions/node/v18.15.0/bin/firebase deploy
[debug] [2023-05-01T14:30:51.441Z] CLI Version:   11.27.0
[debug] [2023-05-01T14:30:51.441Z] Platform:      darwin
[debug] [2023-05-01T14:30:51.441Z] Node Version:  v18.15.0
[debug] [2023-05-01T14:30:51.442Z] Time:          Mon May 01 2023 15:30:51 GMT+0100 (British Summer Time)
[debug] [2023-05-01T14:30:51.442Z] ----------------------------------------------------------------------
[debug] 
[debug] [2023-05-01T14:30:51.474Z] > command requires scopes: ["email","openid","https://www.googleapis.com/auth/cloudplatformprojects.readonly","https://www.googleapis.com/auth/firebase","https://www.googleapis.com/auth/cloud-platform"]
[debug] [2023-05-01T14:30:51.475Z] > authorizing via signed-in user (yaseenavgani@gmail.com)
[debug] [2023-05-01T14:30:51.475Z] [iam] checking project sakinah-app for permissions ["cloudfunctions.functions.create","cloudfunctions.functions.delete","cloudfunctions.functions.get","cloudfunctions.functions.list","cloudfunctions.functions.update","cloudfunctions.operations.get","firebase.projects.get","firebasehosting.sites.update"]
[debug] [2023-05-01T14:30:51.476Z] >>> [apiv2][query] POST https://cloudresourcemanager.googleapis.com/v1/projects/sakinah-app:testIamPermissions [none]
[debug] [2023-05-01T14:30:51.476Z] >>> [apiv2][(partial)header] POST https://cloudresourcemanager.googleapis.com/v1/projects/sakinah-app:testIamPermissions x-goog-quota-user=projects/sakinah-app
[debug] [2023-05-01T14:30:51.476Z] >>> [apiv2][body] POST https://cloudresourcemanager.googleapis.com/v1/projects/sakinah-app:testIamPermissions {"permissions":["cloudfunctions.functions.create","cloudfunctions.functions.delete","cloudfunctions.functions.get","cloudfunctions.functions.list","cloudfunctions.functions.update","cloudfunctions.operations.get","firebase.projects.get","firebasehosting.sites.update"]}
[debug] [2023-05-01T14:30:52.129Z] <<< [apiv2][status] POST https://cloudresourcemanager.googleapis.com/v1/projects/sakinah-app:testIamPermissions 200
[debug] [2023-05-01T14:30:52.129Z] <<< [apiv2][body] POST https://cloudresourcemanager.googleapis.com/v1/projects/sakinah-app:testIamPermissions {"permissions":["cloudfunctions.functions.create","cloudfunctions.functions.delete","cloudfunctions.functions.get","cloudfunctions.functions.list","cloudfunctions.functions.update","cloudfunctions.operations.get","firebase.projects.get","firebasehosting.sites.update"]}
[debug] [2023-05-01T14:30:52.130Z] >>> [apiv2][query] POST https://iam.googleapis.com/v1/projects/sakinah-app/serviceAccounts/sakinah-app@appspot.gserviceaccount.com:testIamPermissions [none]
[debug] [2023-05-01T14:30:52.130Z] >>> [apiv2][body] POST https://iam.googleapis.com/v1/projects/sakinah-app/serviceAccounts/sakinah-app@appspot.gserviceaccount.com:testIamPermissions {"permissions":["iam.serviceAccounts.actAs"]}
[debug] [2023-05-01T14:30:52.727Z] <<< [apiv2][status] POST https://iam.googleapis.com/v1/projects/sakinah-app/serviceAccounts/sakinah-app@appspot.gserviceaccount.com:testIamPermissions 200
[debug] [2023-05-01T14:30:52.728Z] <<< [apiv2][body] POST https://iam.googleapis.com/v1/projects/sakinah-app/serviceAccounts/sakinah-app@appspot.gserviceaccount.com:testIamPermissions {"permissions":["iam.serviceAccounts.actAs"]}
[debug] [2023-05-01T14:30:52.729Z] >>> [apiv2][query] GET https://firebase.googleapis.com/v1beta1/projects/sakinah-app [none]
[debug] [2023-05-01T14:30:52.980Z] <<< [apiv2][status] GET https://firebase.googleapis.com/v1beta1/projects/sakinah-app 200
[debug] [2023-05-01T14:30:52.980Z] <<< [apiv2][body] GET https://firebase.googleapis.com/v1beta1/projects/sakinah-app {"projectId":"sakinah-app","projectNumber":"347492137716","displayName":"sakinah-app","name":"projects/sakinah-app","resources":{"hostingSite":"sakinah-app","storageBucket":"sakinah-app.appspot.com","locationId":"europe-west"},"state":"ACTIVE","etag":"1_cc9de961-f39c-4b7b-abfe-9c75eb92e4b8"}
[info] 
[info] === Deploying to 'sakinah-app'...
[info] 
[info] i  deploying functions, hosting 
[debug] [2023-05-01T14:30:52.982Z] >>> [apiv2][query] GET https://firebase.googleapis.com/v1beta1/projects/sakinah-app [none]
[debug] [2023-05-01T14:30:53.187Z] <<< [apiv2][status] GET https://firebase.googleapis.com/v1beta1/projects/sakinah-app 200
[debug] [2023-05-01T14:30:53.187Z] <<< [apiv2][body] GET https://firebase.googleapis.com/v1beta1/projects/sakinah-app {"projectId":"sakinah-app","projectNumber":"347492137716","displayName":"sakinah-app","name":"projects/sakinah-app","resources":{"hostingSite":"sakinah-app","storageBucket":"sakinah-app.appspot.com","locationId":"europe-west"},"state":"ACTIVE","etag":"1_cc9de961-f39c-4b7b-abfe-9c75eb92e4b8"}
[info] i  functions: preparing codebase default for deployment 
[info] i  functions: ensuring required API cloudfunctions.googleapis.com is enabled... 
[info] i  functions: ensuring required API cloudbuild.googleapis.com is enabled... 
[info] i  artifactregistry: ensuring required API artifactregistry.googleapis.com is enabled... 
[debug] [2023-05-01T14:30:53.191Z] >>> [apiv2][query] GET https://serviceusage.googleapis.com/v1/projects/sakinah-app/services/cloudfunctions.googleapis.com [none]
[debug] [2023-05-01T14:30:53.191Z] >>> [apiv2][(partial)header] GET https://serviceusage.googleapis.com/v1/projects/sakinah-app/services/cloudfunctions.googleapis.com x-goog-quota-user=projects/sakinah-app
[debug] [2023-05-01T14:30:53.193Z] >>> [apiv2][query] GET https://serviceusage.googleapis.com/v1/projects/sakinah-app/services/runtimeconfig.googleapis.com [none]
[debug] [2023-05-01T14:30:53.193Z] >>> [apiv2][(partial)header] GET https://serviceusage.googleapis.com/v1/projects/sakinah-app/services/runtimeconfig.googleapis.com x-goog-quota-user=projects/sakinah-app
[debug] [2023-05-01T14:30:53.194Z] >>> [apiv2][query] GET https://serviceusage.googleapis.com/v1/projects/sakinah-app/services/cloudbuild.googleapis.com [none]
[debug] [2023-05-01T14:30:53.195Z] >>> [apiv2][(partial)header] GET https://serviceusage.googleapis.com/v1/projects/sakinah-app/services/cloudbuild.googleapis.com x-goog-quota-user=projects/sakinah-app
[debug] [2023-05-01T14:30:53.196Z] >>> [apiv2][query] GET https://serviceusage.googleapis.com/v1/projects/sakinah-app/services/artifactregistry.googleapis.com [none]
[debug] [2023-05-01T14:30:53.196Z] >>> [apiv2][(partial)header] GET https://serviceusage.googleapis.com/v1/projects/sakinah-app/services/artifactregistry.googleapis.com x-goog-quota-user=projects/sakinah-app
[debug] [2023-05-01T14:30:53.969Z] <<< [apiv2][status] GET https://serviceusage.googleapis.com/v1/projects/sakinah-app/services/artifactregistry.googleapis.com 200
[debug] [2023-05-01T14:30:53.969Z] <<< [apiv2][body] GET https://serviceusage.googleapis.com/v1/projects/sakinah-app/services/artifactregistry.googleapis.com [omitted]
[info] ✔  artifactregistry: required API artifactregistry.googleapis.com is enabled 
[debug] [2023-05-01T14:30:53.973Z] <<< [apiv2][status] GET https://serviceusage.googleapis.com/v1/projects/sakinah-app/services/cloudbuild.googleapis.com 200
[debug] [2023-05-01T14:30:53.974Z] <<< [apiv2][body] GET https://serviceusage.googleapis.com/v1/projects/sakinah-app/services/cloudbuild.googleapis.com [omitted]
[info] ✔  functions: required API cloudbuild.googleapis.com is enabled 
[debug] [2023-05-01T14:30:53.989Z] <<< [apiv2][status] GET https://serviceusage.googleapis.com/v1/projects/sakinah-app/services/runtimeconfig.googleapis.com 200
[debug] [2023-05-01T14:30:53.990Z] <<< [apiv2][body] GET https://serviceusage.googleapis.com/v1/projects/sakinah-app/services/runtimeconfig.googleapis.com [omitted]
[debug] [2023-05-01T14:30:53.997Z] <<< [apiv2][status] GET https://serviceusage.googleapis.com/v1/projects/sakinah-app/services/cloudfunctions.googleapis.com 200
[debug] [2023-05-01T14:30:53.997Z] <<< [apiv2][body] GET https://serviceusage.googleapis.com/v1/projects/sakinah-app/services/cloudfunctions.googleapis.com [omitted]
[info] ✔  functions: required API cloudfunctions.googleapis.com is enabled 
[debug] [2023-05-01T14:30:53.997Z] >>> [apiv2][query] GET https://firebase.googleapis.com/v1beta1/projects/sakinah-app/adminSdkConfig [none]
[debug] [2023-05-01T14:30:54.218Z] <<< [apiv2][status] GET https://firebase.googleapis.com/v1beta1/projects/sakinah-app/adminSdkConfig 200
[debug] [2023-05-01T14:30:54.218Z] <<< [apiv2][body] GET https://firebase.googleapis.com/v1beta1/projects/sakinah-app/adminSdkConfig {"projectId":"sakinah-app","storageBucket":"sakinah-app.appspot.com","locationId":"europe-west"}
[debug] [2023-05-01T14:30:54.219Z] >>> [apiv2][query] GET https://runtimeconfig.googleapis.com/v1beta1/projects/sakinah-app/configs [none]
[debug] [2023-05-01T14:30:54.584Z] <<< [apiv2][status] GET https://runtimeconfig.googleapis.com/v1beta1/projects/sakinah-app/configs 200
[debug] [2023-05-01T14:30:54.584Z] <<< [apiv2][body] GET https://runtimeconfig.googleapis.com/v1beta1/projects/sakinah-app/configs {"configs":[{"name":"projects/sakinah-app/configs/gmail"}]}
[debug] [2023-05-01T14:30:54.585Z] >>> [apiv2][query] GET https://runtimeconfig.googleapis.com/v1beta1/projects/sakinah-app/configs/gmail/variables [none]
[debug] [2023-05-01T14:30:54.889Z] <<< [apiv2][status] GET https://runtimeconfig.googleapis.com/v1beta1/projects/sakinah-app/configs/gmail/variables 200
[debug] [2023-05-01T14:30:54.889Z] <<< [apiv2][body] GET https://runtimeconfig.googleapis.com/v1beta1/projects/sakinah-app/configs/gmail/variables {"variables":[{"name":"projects/sakinah-app/configs/gmail/variables/email","updateTime":"2022-12-30T22:04:29.304012668Z"},{"name":"projects/sakinah-app/configs/gmail/variables/password","updateTime":"2022-12-30T22:04:29.187069827Z"}]}
[debug] [2023-05-01T14:30:54.890Z] >>> [apiv2][query] GET https://runtimeconfig.googleapis.com/v1beta1/projects/sakinah-app/configs/gmail/variables/email [none]
[debug] [2023-05-01T14:30:54.893Z] >>> [apiv2][query] GET https://runtimeconfig.googleapis.com/v1beta1/projects/sakinah-app/configs/gmail/variables/password [none]
[debug] [2023-05-01T14:30:55.078Z] <<< [apiv2][status] GET https://runtimeconfig.googleapis.com/v1beta1/projects/sakinah-app/configs/gmail/variables/email 200
[debug] [2023-05-01T14:30:55.078Z] <<< [apiv2][body] GET https://runtimeconfig.googleapis.com/v1beta1/projects/sakinah-app/configs/gmail/variables/email {"name":"projects/sakinah-app/configs/gmail/variables/email","updateTime":"2022-12-30T22:04:29.304012668Z","text":"welcome2sakinah@gmail.com"}
[debug] [2023-05-01T14:30:55.100Z] <<< [apiv2][status] GET https://runtimeconfig.googleapis.com/v1beta1/projects/sakinah-app/configs/gmail/variables/password 200
[debug] [2023-05-01T14:30:55.100Z] <<< [apiv2][body] GET https://runtimeconfig.googleapis.com/v1beta1/projects/sakinah-app/configs/gmail/variables/password {"name":"projects/sakinah-app/configs/gmail/variables/password","updateTime":"2022-12-30T22:04:29.187069827Z","text":"Sakinah2022"}
[debug] [2023-05-01T14:30:55.103Z] Validating nodejs source
[warn] ⚠  functions: package.json indicates an outdated version of firebase-functions. Please upgrade using npm install --save firebase-functions@latest in your functions directory. 
[debug] [2023-05-01T14:30:55.529Z] > [functions] package.json contents: {
  "name": "new-user-email-functions",
  "description": "Send an email to new users and users who delete their account",
  "dependencies": {
    "firebase-admin": "^11.2.0",
    "firebase-functions": "^4.0.2",
    "nodemailer": "^6.8.0"
  },
  "devDependencies": {
    "eslint": "^6.8.0",
    "eslint-plugin-promise": "^4.3.1"
  },
  "scripts": {
    "lint": "./node_modules/.bin/eslint --max-warnings=0 .",
    "serve": "firebase emulators:start --only functions",
    "shell": "firebase functions:shell",
    "start": "npm run shell",
    "deploy": "firebase deploy --only functions",
    "logs": "firebase functions:log",
    "compile": "cp ../../../tsconfig.template.json ./tsconfig-compile.json && tsc --project tsconfig-compile.json"
  },
  "engines": {
    "node": "16"
  },
  "private": true
}
[debug] [2023-05-01T14:30:55.529Z] Building nodejs source
[debug] [2023-05-01T14:30:55.529Z] Could not find functions.yaml. Must use http discovery
[debug] [2023-05-01T14:30:55.534Z] Found firebase-functions binary at '/Users/nekruzavgani/Desktop/sakinah-app/functions/node_modules/.bin/firebase-functions'
[debug] [2023-05-01T14:30:55.713Z] Serving at port 8408

[debug] [2023-05-01T14:30:55.835Z] Got response from /__/functions.yaml {"endpoints":{"sendEmailX":{"platform":"gcfv1","availableMemoryMb":null,"timeoutSeconds":null,"minInstances":null,"maxInstances":null,"ingressSettings":null,"serviceAccountEmail":null,"vpc":null,"eventTrigger":{"eventType":"providers/cloud.firestore/eventTypes/document.create","eventFilters":{"resource":"projects/sakinah-app/databases/(default)/documents/users/{id}"},"retry":false},"labels":{},"entryPoint":"sendEmailX"},"sendEmailRegister":{"platform":"gcfv1","availableMemoryMb":null,"timeoutSeconds":null,"minInstances":null,"maxInstances":null,"ingressSettings":null,"serviceAccountEmail":null,"vpc":null,"eventTrigger":{"eventType":"providers/cloud.firestore/eventTypes/document.create","eventFilters":{"resource":"projects/sakinah-app/databases/(default)/documents/therapy-session/{id}"},"retry":false},"labels":{},"entryPoint":"sendEmailRegister"}},"specVersion":"v1alpha1","requiredAPIs":[]}
[debug] [2023-05-01T14:30:55.838Z] shutdown requested via /__/quitquitquit

[info] i  functions: preparing functions directory for uploading... 
[info] i  functions: packaged /Users/nekruzavgani/Desktop/sakinah-app/functions (88.96 KB) for uploading 
[debug] [2023-05-01T14:30:55.862Z] >>> [apiv2][query] GET https://cloudfunctions.googleapis.com/v1/projects/sakinah-app/locations/-/functions [none]
[debug] [2023-05-01T14:30:57.017Z] <<< [apiv2][status] GET https://cloudfunctions.googleapis.com/v1/projects/sakinah-app/locations/-/functions 200
[debug] [2023-05-01T14:30:57.017Z] <<< [apiv2][body] GET https://cloudfunctions.googleapis.com/v1/projects/sakinah-app/locations/-/functions {"functions":[{"name":"projects/sakinah-app/locations/us-central1/functions/sendEmailRegister","eventTrigger":{"eventType":"providers/cloud.firestore/eventTypes/document.create","resource":"projects/sakinah-app/databases/(default)/documents/therapy-session/{id}","service":"firestore.googleapis.com","failurePolicy":{}},"status":"ACTIVE","entryPoint":"sendEmailRegister","timeout":"60s","availableMemoryMb":256,"serviceAccountEmail":"sakinah-app@appspot.gserviceaccount.com","updateTime":"2023-01-24T14:07:32.824Z","versionId":"16","labels":{"deployment-tool":"cli-firebase","firebase-functions-hash":"bcc7e8b2a7ce9710982ca07853c4dc9b950c1a41"},"sourceUploadUrl":"https://storage.googleapis.com/uploads-46938583616.us-central1.cloudfunctions.appspot.com/e967daa2-b009-42a0-bfec-afa34a03863a.zip","environmentVariables":{"FIREBASE_CONFIG":"{\"projectId\":\"sakinah-app\",\"storageBucket\":\"sakinah-app.appspot.com\"}","GCLOUD_PROJECT":"sakinah-app","EVENTARC_CLOUD_EVENT_SOURCE":"projects/sakinah-app/locations/us-central1/functions/sendEmailRegister"},"runtime":"nodejs16","maxInstances":3000,"ingressSettings":"ALLOW_ALL","buildId":"b2fb557c-a717-4c00-a1f6-c0795735a3aa","buildName":"projects/347492137716/locations/us-central1/builds/b2fb557c-a717-4c00-a1f6-c0795735a3aa","dockerRegistry":"ARTIFACT_REGISTRY"},{"name":"projects/sakinah-app/locations/us-central1/functions/sendEmailX","eventTrigger":{"eventType":"providers/cloud.firestore/eventTypes/document.create","resource":"projects/sakinah-app/databases/(default)/documents/users/{id}","service":"firestore.googleapis.com","failurePolicy":{}},"status":"ACTIVE","entryPoint":"sendEmailX","timeout":"60s","availableMemoryMb":256,"serviceAccountEmail":"sakinah-app@appspot.gserviceaccount.com","updateTime":"2023-01-24T14:07:36.920Z","versionId":"25","labels":{"deployment-tool":"cli-firebase","firebase-functions-hash":"bcc7e8b2a7ce9710982ca07853c4dc9b950c1a41"},"sourceUploadUrl":"https://storage.googleapis.com/uploads-46938583616.us-central1.cloudfunctions.appspot.com/e967daa2-b009-42a0-bfec-afa34a03863a.zip","environmentVariables":{"FIREBASE_CONFIG":"{\"projectId\":\"sakinah-app\",\"storageBucket\":\"sakinah-app.appspot.com\"}","GCLOUD_PROJECT":"sakinah-app","EVENTARC_CLOUD_EVENT_SOURCE":"projects/sakinah-app/locations/us-central1/functions/sendEmailRegister"},"runtime":"nodejs16","maxInstances":3000,"ingressSettings":"ALLOW_ALL","buildId":"b2fb557c-a717-4c00-a1f6-c0795735a3aa","buildName":"projects/347492137716/locations/us-central1/builds/b2fb557c-a717-4c00-a1f6-c0795735a3aa","dockerRegistry":"ARTIFACT_REGISTRY"}]}
[debug] [2023-05-01T14:30:57.019Z] >>> [apiv2][query] GET https://cloudfunctions.googleapis.com/v2/projects/sakinah-app/locations/-/functions filter=environment%3D%22GEN_2%22
[debug] [2023-05-01T14:30:57.654Z] <<< [apiv2][status] GET https://cloudfunctions.googleapis.com/v2/projects/sakinah-app/locations/-/functions 200
[debug] [2023-05-01T14:30:57.654Z] <<< [apiv2][body] GET https://cloudfunctions.googleapis.com/v2/projects/sakinah-app/locations/-/functions {}
[debug] [2023-05-01T14:30:57.661Z] >>> [apiv2][query] GET https://firebase.googleapis.com/v1beta1/projects/sakinah-app [none]
[debug] [2023-05-01T14:30:57.878Z] <<< [apiv2][status] GET https://firebase.googleapis.com/v1beta1/projects/sakinah-app 200
[debug] [2023-05-01T14:30:57.879Z] <<< [apiv2][body] GET https://firebase.googleapis.com/v1beta1/projects/sakinah-app {"projectId":"sakinah-app","projectNumber":"347492137716","displayName":"sakinah-app","name":"projects/sakinah-app","resources":{"hostingSite":"sakinah-app","storageBucket":"sakinah-app.appspot.com","locationId":"europe-west"},"state":"ACTIVE","etag":"1_cc9de961-f39c-4b7b-abfe-9c75eb92e4b8"}
[debug] [2023-05-01T14:30:57.879Z] >>> [apiv2][query] GET https://firebase.googleapis.com/v1beta1/projects/sakinah-app [none]
[debug] [2023-05-01T14:30:58.093Z] <<< [apiv2][status] GET https://firebase.googleapis.com/v1beta1/projects/sakinah-app 200
[debug] [2023-05-01T14:30:58.093Z] <<< [apiv2][body] GET https://firebase.googleapis.com/v1beta1/projects/sakinah-app {"projectId":"sakinah-app","projectNumber":"347492137716","displayName":"sakinah-app","name":"projects/sakinah-app","resources":{"hostingSite":"sakinah-app","storageBucket":"sakinah-app.appspot.com","locationId":"europe-west"},"state":"ACTIVE","etag":"1_cc9de961-f39c-4b7b-abfe-9c75eb92e4b8"}
[debug] [2023-05-01T14:30:58.098Z] >>> [apiv2][query] POST https://firebasehosting.googleapis.com/v1beta1/projects/-/sites/sakinah-app/versions [none]
[debug] [2023-05-01T14:30:58.098Z] >>> [apiv2][body] POST https://firebasehosting.googleapis.com/v1beta1/projects/-/sites/sakinah-app/versions {"status":"CREATED","labels":{"deployment-tool":"cli-firebase"}}
[debug] [2023-05-01T14:30:59.660Z] <<< [apiv2][status] POST https://firebasehosting.googleapis.com/v1beta1/projects/-/sites/sakinah-app/versions 200
[debug] [2023-05-01T14:30:59.660Z] <<< [apiv2][body] POST https://firebasehosting.googleapis.com/v1beta1/projects/-/sites/sakinah-app/versions {"name":"projects/347492137716/sites/sakinah-app/versions/c5df6e758477dd29","status":"CREATED","config":{},"labels":{"deployment-tool":"cli-firebase"}}
[debug] [2023-05-01T14:30:59.661Z] >>> [apiv2][query] POST https://cloudfunctions.googleapis.com/v1/projects/sakinah-app/locations/us-central1/functions:generateUploadUrl [none]
[debug] [2023-05-01T14:30:59.661Z] >>> [apiv2][body] POST https://cloudfunctions.googleapis.com/v1/projects/sakinah-app/locations/us-central1/functions:generateUploadUrl {}
[debug] [2023-05-01T14:31:00.139Z] <<< [apiv2][status] POST https://cloudfunctions.googleapis.com/v1/projects/sakinah-app/locations/us-central1/functions:generateUploadUrl 200
[debug] [2023-05-01T14:31:00.140Z] <<< [apiv2][body] POST https://cloudfunctions.googleapis.com/v1/projects/sakinah-app/locations/us-central1/functions:generateUploadUrl {"uploadUrl":"https://storage.googleapis.com/uploads-46938583616.us-central1.cloudfunctions.appspot.com/df2a6d6e-6e8c-45a0-90c5-1da433c42de1.zip?GoogleAccessId=service-347492137716@gcf-admin-robot.iam.gserviceaccount.com&Expires=1682953260&Signature=t1OL%2BZIn8Sf%2BqT4tAd2WpiNhN14uVJ1jbXUIKU33yw8VPFCCCa92PZHgFOekV5Qof62AhU6Y%2FBf%2BjKv6%2BumfqpbTzrJuMMM%2BGkjzLck6YjbR%2FfW%2F9X922MyxurE3%2BTEtelZKuGRLtbcJqTiWkCZ6bUtMOQFuI3A3mKYRruCIbjNZybtOOEaTGJF0CVh%2FIJ1dR%2BH5IXVKiVVlHiNTVlZ4MeYS5XoOXTXD3PD6brB7XN7Ngo6%2FTqEXo7fDmJZEQG0ok1qMrFpTMetYzpTYAnl9Ancdb%2BZFCaYxBtc3ZgDbjO%2Fy%2B%2FLF7ErMOyQXroYS5ColbG8YFbgK%2F9YLMFAUX8IpQA%3D%3D"}
[debug] [2023-05-01T14:31:00.142Z] >>> [apiv2][query] PUT https://storage.googleapis.com/uploads-46938583616.us-central1.cloudfunctions.appspot.com/df2a6d6e-6e8c-45a0-90c5-1da433c42de1.zip GoogleAccessId=service-347492137716%40gcf-admin-robot.iam.gserviceaccount.com&Expires=1682953260&Signature=t1OL%2BZIn8Sf%2BqT4tAd2WpiNhN14uVJ1jbXUIKU33yw8VPFCCCa92PZHgFOekV5Qof62AhU6Y%2FBf%2BjKv6%2BumfqpbTzrJuMMM%2BGkjzLck6YjbR%2FfW%2F9X922MyxurE3%2BTEtelZKuGRLtbcJqTiWkCZ6bUtMOQFuI3A3mKYRruCIbjNZybtOOEaTGJF0CVh%2FIJ1dR%2BH5IXVKiVVlHiNTVlZ4MeYS5XoOXTXD3PD6brB7XN7Ngo6%2FTqEXo7fDmJZEQG0ok1qMrFpTMetYzpTYAnl9Ancdb%2BZFCaYxBtc3ZgDbjO%2Fy%2B%2FLF7ErMOyQXroYS5ColbG8YFbgK%2F9YLMFAUX8IpQA%3D%3D
[debug] [2023-05-01T14:31:00.142Z] >>> [apiv2][body] PUT https://storage.googleapis.com/uploads-46938583616.us-central1.cloudfunctions.appspot.com/df2a6d6e-6e8c-45a0-90c5-1da433c42de1.zip [stream]
[debug] [2023-05-01T14:31:00.413Z] <<< [apiv2][status] PUT https://storage.googleapis.com/uploads-46938583616.us-central1.cloudfunctions.appspot.com/df2a6d6e-6e8c-45a0-90c5-1da433c42de1.zip 200
[debug] [2023-05-01T14:31:00.413Z] <<< [apiv2][body] PUT https://storage.googleapis.com/uploads-46938583616.us-central1.cloudfunctions.appspot.com/df2a6d6e-6e8c-45a0-90c5-1da433c42de1.zip [omitted]
[info] ✔  functions: functions folder uploaded successfully 
[info] i  hosting[sakinah-app]: beginning deploy... 
[info] i  hosting[sakinah-app]: found 20 files in build 
[debug] [2023-05-01T14:31:00.426Z] [hosting] uploading with 200 concurrency
[debug] [2023-05-01T14:31:00.952Z] [hosting] hash cache [YnVpbGQ] stored for 20 files
[debug] [2023-05-01T14:31:00.952Z] [hosting][hash queue][FINAL] {"max":518,"min":8,"avg":52.4,"active":0,"complete":20,"success":20,"errored":0,"retried":0,"total":20,"elapsed":523}
[debug] [2023-05-01T14:31:00.953Z] >>> [apiv2][query] POST https://firebasehosting.googleapis.com/v1beta1/projects/347492137716/sites/sakinah-app/versions/c5df6e758477dd29:populateFiles [none]
[debug] [2023-05-01T14:31:00.953Z] >>> [apiv2][body] POST https://firebasehosting.googleapis.com/v1beta1/projects/347492137716/sites/sakinah-app/versions/c5df6e758477dd29:populateFiles {"files":{"/asset-manifest.json":"c3ecafcf53492484372efa183ebb19ea95d4b65c8a7b5b270b64f24657eb2d62","/favicon.ico":"b72f7455f00e4e58792d2bca892abb068e2213838c0316d6b7a0d6d16acd1955","/Sakinah_logo.png":"40bc05d9d29545d815cdd2e196c0b66c21801c3a5a7ff9819a60d4d3364c1007","/robots.txt":"391d14b3c2f8c9143a27a28c7399585142228d4d1bdbe2c87ac946de411fa9a2","/logo192.png":"caff018b7f1e8fd481eb1c50d75b0ef236bcd5078b1d15c8bb348453fee30293","/manifest.json":"fe2c27c8e1a0e4beb9fcd68cad836d2c93c3fa44fae55587d030e63b364fc94f","/index.html":"cfd46c5438e7801ff37fcb5491088410fd4a553339077306c9a1510f6d0b5dd0","/logo512.png":"191fc21360b4ccfb1cda11a1efb97f489ed22672ca83f4064316802bbfdd750e","/static/css/main.c7c51056.css":"8c9220ba9eaac8ae257b515996a408b0390f2b697a91f2c1a7e8c5b32fa0a2d0","/static/css/main.c7c51056.css.map":"e903a18593bf57665ba0f34654339ac95b109b89b6f38eae485f5dc550f179a7","/static/js/787.73c8fcd9.chunk.js":"0d9ef4593dc06827d0d3bf62af3507cf0259f9a1aacf7cf4fa51a2b463800fe6","/static/js/main.67e5d017.js.LICENSE.txt":"48d3c9cd688a91a92e73c006e6cf9c86e4b4cdedccfc1caf46d77ecbfd2f8f6a","/static/media/calendar.7e2ec193ff96a7658a138c83438ae241.svg":"e2f03565043f32baeca15d7b45d31ca53384ab6cb1205a26a49b7ef495cc93e6","/static/js/787.73c8fcd9.chunk.js.map":"ef6ed7ef54b775085bd8abbcedbcc00188c990764d62d682863075d083ba6f4c","/static/media/welcomeImage.5fd0a74ada992bd0658eaa623c9be41a.svg":"ba95008ba3dae080d7bfc0bd86cc4a4c648b1e130d48f78d64f0ce72927bbaae","/static/media/therapist1.45494816365d8438e759.png":"b5f4bca715bf0eee8a7aecfdeb405974fb7ddcfd941352c2b36542a03bb26b76","/static/media/business-account.b3b672e91659115570c9.png":"62e9875f195b12a898c63ef2901074a42859c4939898a4999f8f421bad74b57a","/static/js/main.67e5d017.js":"04c4ab04a2afa9c3cf59c7aa5eb6b556fa13fa1c029af2c6126777b4adf159bc","/css/tailwind/tailwind.min.css":"532083c9e58d331a79823aab803d6d886074ad7fa870b1e3e567c70172d9baa7","/static/js/main.67e5d017.js.map":"d9d2a4581e1d7a686661b4dd16650f423bea730d2d5ac3d3fc161eaddb2740a7"}}
[debug] [2023-05-01T14:31:01.817Z] <<< [apiv2][status] POST https://firebasehosting.googleapis.com/v1beta1/projects/347492137716/sites/sakinah-app/versions/c5df6e758477dd29:populateFiles 200
[debug] [2023-05-01T14:31:01.817Z] <<< [apiv2][body] POST https://firebasehosting.googleapis.com/v1beta1/projects/347492137716/sites/sakinah-app/versions/c5df6e758477dd29:populateFiles {"uploadRequiredHashes":["04c4ab04a2afa9c3cf59c7aa5eb6b556fa13fa1c029af2c6126777b4adf159bc","48d3c9cd688a91a92e73c006e6cf9c86e4b4cdedccfc1caf46d77ecbfd2f8f6a","8c9220ba9eaac8ae257b515996a408b0390f2b697a91f2c1a7e8c5b32fa0a2d0","e903a18593bf57665ba0f34654339ac95b109b89b6f38eae485f5dc550f179a7","d9d2a4581e1d7a686661b4dd16650f423bea730d2d5ac3d3fc161eaddb2740a7","c3ecafcf53492484372efa183ebb19ea95d4b65c8a7b5b270b64f24657eb2d62","cfd46c5438e7801ff37fcb5491088410fd4a553339077306c9a1510f6d0b5dd0"],"uploadUrl":"https://upload-firebasehosting.googleapis.com/upload/sites/sakinah-app/versions/c5df6e758477dd29/files"}
[debug] [2023-05-01T14:31:01.821Z] >>> [apiv2][query] POST https://upload-firebasehosting.googleapis.com/upload/sites/sakinah-app/versions/c5df6e758477dd29/files/04c4ab04a2afa9c3cf59c7aa5eb6b556fa13fa1c029af2c6126777b4adf159bc [none]
[debug] [2023-05-01T14:31:01.821Z] >>> [apiv2][body] POST https://upload-firebasehosting.googleapis.com/upload/sites/sakinah-app/versions/c5df6e758477dd29/files/04c4ab04a2afa9c3cf59c7aa5eb6b556fa13fa1c029af2c6126777b4adf159bc [stream]
[debug] [2023-05-01T14:31:01.823Z] >>> [apiv2][query] POST https://upload-firebasehosting.googleapis.com/upload/sites/sakinah-app/versions/c5df6e758477dd29/files/48d3c9cd688a91a92e73c006e6cf9c86e4b4cdedccfc1caf46d77ecbfd2f8f6a [none]
[debug] [2023-05-01T14:31:01.823Z] >>> [apiv2][body] POST https://upload-firebasehosting.googleapis.com/upload/sites/sakinah-app/versions/c5df6e758477dd29/files/48d3c9cd688a91a92e73c006e6cf9c86e4b4cdedccfc1caf46d77ecbfd2f8f6a [stream]
[debug] [2023-05-01T14:31:01.824Z] >>> [apiv2][query] POST https://upload-firebasehosting.googleapis.com/upload/sites/sakinah-app/versions/c5df6e758477dd29/files/8c9220ba9eaac8ae257b515996a408b0390f2b697a91f2c1a7e8c5b32fa0a2d0 [none]
[debug] [2023-05-01T14:31:01.824Z] >>> [apiv2][body] POST https://upload-firebasehosting.googleapis.com/upload/sites/sakinah-app/versions/c5df6e758477dd29/files/8c9220ba9eaac8ae257b515996a408b0390f2b697a91f2c1a7e8c5b32fa0a2d0 [stream]
[debug] [2023-05-01T14:31:01.825Z] >>> [apiv2][query] POST https://upload-firebasehosting.googleapis.com/upload/sites/sakinah-app/versions/c5df6e758477dd29/files/e903a18593bf57665ba0f34654339ac95b109b89b6f38eae485f5dc550f179a7 [none]
[debug] [2023-05-01T14:31:01.825Z] >>> [apiv2][body] POST https://upload-firebasehosting.googleapis.com/upload/sites/sakinah-app/versions/c5df6e758477dd29/files/e903a18593bf57665ba0f34654339ac95b109b89b6f38eae485f5dc550f179a7 [stream]
[debug] [2023-05-01T14:31:01.826Z] >>> [apiv2][query] POST https://upload-firebasehosting.googleapis.com/upload/sites/sakinah-app/versions/c5df6e758477dd29/files/d9d2a4581e1d7a686661b4dd16650f423bea730d2d5ac3d3fc161eaddb2740a7 [none]
[debug] [2023-05-01T14:31:01.826Z] >>> [apiv2][body] POST https://upload-firebasehosting.googleapis.com/upload/sites/sakinah-app/versions/c5df6e758477dd29/files/d9d2a4581e1d7a686661b4dd16650f423bea730d2d5ac3d3fc161eaddb2740a7 [stream]
[debug] [2023-05-01T14:31:01.827Z] >>> [apiv2][query] POST https://upload-firebasehosting.googleapis.com/upload/sites/sakinah-app/versions/c5df6e758477dd29/files/c3ecafcf53492484372efa183ebb19ea95d4b65c8a7b5b270b64f24657eb2d62 [none]
[debug] [2023-05-01T14:31:01.827Z] >>> [apiv2][body] POST https://upload-firebasehosting.googleapis.com/upload/sites/sakinah-app/versions/c5df6e758477dd29/files/c3ecafcf53492484372efa183ebb19ea95d4b65c8a7b5b270b64f24657eb2d62 [stream]
[debug] [2023-05-01T14:31:01.828Z] >>> [apiv2][query] POST https://upload-firebasehosting.googleapis.com/upload/sites/sakinah-app/versions/c5df6e758477dd29/files/cfd46c5438e7801ff37fcb5491088410fd4a553339077306c9a1510f6d0b5dd0 [none]
[debug] [2023-05-01T14:31:01.828Z] >>> [apiv2][body] POST https://upload-firebasehosting.googleapis.com/upload/sites/sakinah-app/versions/c5df6e758477dd29/files/cfd46c5438e7801ff37fcb5491088410fd4a553339077306c9a1510f6d0b5dd0 [stream]
[debug] [2023-05-01T14:31:01.829Z] [hosting][populate queue][FINAL] {"max":869,"min":869,"avg":869,"active":0,"complete":1,"success":1,"errored":0,"retried":0,"total":1,"elapsed":877}
[debug] [2023-05-01T14:31:01.829Z] [hosting] uploads queued: 7
[debug] [2023-05-01T14:31:03.799Z] <<< [apiv2][status] POST https://upload-firebasehosting.googleapis.com/upload/sites/sakinah-app/versions/c5df6e758477dd29/files/cfd46c5438e7801ff37fcb5491088410fd4a553339077306c9a1510f6d0b5dd0 200
[debug] [2023-05-01T14:31:03.800Z] <<< [apiv2][body] POST https://upload-firebasehosting.googleapis.com/upload/sites/sakinah-app/versions/c5df6e758477dd29/files/cfd46c5438e7801ff37fcb5491088410fd4a553339077306c9a1510f6d0b5dd0 [stream]
[debug] [2023-05-01T14:31:04.013Z] <<< [apiv2][status] POST https://upload-firebasehosting.googleapis.com/upload/sites/sakinah-app/versions/c5df6e758477dd29/files/04c4ab04a2afa9c3cf59c7aa5eb6b556fa13fa1c029af2c6126777b4adf159bc 200
[debug] [2023-05-01T14:31:04.013Z] <<< [apiv2][body] POST https://upload-firebasehosting.googleapis.com/upload/sites/sakinah-app/versions/c5df6e758477dd29/files/04c4ab04a2afa9c3cf59c7aa5eb6b556fa13fa1c029af2c6126777b4adf159bc [stream]
[debug] [2023-05-01T14:31:04.015Z] <<< [apiv2][status] POST https://upload-firebasehosting.googleapis.com/upload/sites/sakinah-app/versions/c5df6e758477dd29/files/c3ecafcf53492484372efa183ebb19ea95d4b65c8a7b5b270b64f24657eb2d62 200
[debug] [2023-05-01T14:31:04.015Z] <<< [apiv2][body] POST https://upload-firebasehosting.googleapis.com/upload/sites/sakinah-app/versions/c5df6e758477dd29/files/c3ecafcf53492484372efa183ebb19ea95d4b65c8a7b5b270b64f24657eb2d62 [stream]
[debug] [2023-05-01T14:31:04.016Z] <<< [apiv2][status] POST https://upload-firebasehosting.googleapis.com/upload/sites/sakinah-app/versions/c5df6e758477dd29/files/8c9220ba9eaac8ae257b515996a408b0390f2b697a91f2c1a7e8c5b32fa0a2d0 200
[debug] [2023-05-01T14:31:04.017Z] <<< [apiv2][body] POST https://upload-firebasehosting.googleapis.com/upload/sites/sakinah-app/versions/c5df6e758477dd29/files/8c9220ba9eaac8ae257b515996a408b0390f2b697a91f2c1a7e8c5b32fa0a2d0 [stream]
[debug] [2023-05-01T14:31:04.411Z] <<< [apiv2][status] POST https://upload-firebasehosting.googleapis.com/upload/sites/sakinah-app/versions/c5df6e758477dd29/files/d9d2a4581e1d7a686661b4dd16650f423bea730d2d5ac3d3fc161eaddb2740a7 200
[debug] [2023-05-01T14:31:04.411Z] <<< [apiv2][body] POST https://upload-firebasehosting.googleapis.com/upload/sites/sakinah-app/versions/c5df6e758477dd29/files/d9d2a4581e1d7a686661b4dd16650f423bea730d2d5ac3d3fc161eaddb2740a7 [stream]
[debug] [2023-05-01T14:31:04.510Z] <<< [apiv2][status] POST https://upload-firebasehosting.googleapis.com/upload/sites/sakinah-app/versions/c5df6e758477dd29/files/e903a18593bf57665ba0f34654339ac95b109b89b6f38eae485f5dc550f179a7 200
[debug] [2023-05-01T14:31:04.510Z] <<< [apiv2][body] POST https://upload-firebasehosting.googleapis.com/upload/sites/sakinah-app/versions/c5df6e758477dd29/files/e903a18593bf57665ba0f34654339ac95b109b89b6f38eae485f5dc550f179a7 [stream]
[debug] [2023-05-01T14:31:04.820Z] <<< [apiv2][status] POST https://upload-firebasehosting.googleapis.com/upload/sites/sakinah-app/versions/c5df6e758477dd29/files/48d3c9cd688a91a92e73c006e6cf9c86e4b4cdedccfc1caf46d77ecbfd2f8f6a 200
[debug] [2023-05-01T14:31:04.820Z] <<< [apiv2][body] POST https://upload-firebasehosting.googleapis.com/upload/sites/sakinah-app/versions/c5df6e758477dd29/files/48d3c9cd688a91a92e73c006e6cf9c86e4b4cdedccfc1caf46d77ecbfd2f8f6a [stream]
[debug] [2023-05-01T14:31:04.821Z] [hosting][upload queue][FINAL] {"max":3003,"min":1979,"avg":2408.1428571428573,"active":0,"complete":7,"success":7,"errored":0,"retried":0,"total":7,"elapsed":3003}
[info] ✔  hosting[sakinah-app]: file upload complete 
[debug] [2023-05-01T14:31:04.822Z] [hosting] deploy completed after 4405ms
[info] i  functions: updating Node.js 16 function sendEmailX(us-central1)... 
[info] i  functions: updating Node.js 16 function sendEmailRegister(us-central1)... 
[debug] [2023-05-01T14:31:04.828Z] >>> [apiv2][query] PATCH https://cloudfunctions.googleapis.com/v1/projects/sakinah-app/locations/us-central1/functions/sendEmailX updateMask=name%2CsourceUploadUrl%2CentryPoint%2Cruntime%2CdockerRegistry%2Clabels%2CeventTrigger.eventType%2CeventTrigger.resource%2CeventTrigger.failurePolicy%2CminInstances%2CmaxInstances%2CingressSettings%2CenvironmentVariables%2CserviceAccountEmail%2CavailableMemoryMb%2Ctimeout%2CvpcConnector%2CvpcConnectorEgressSettings%2CsourceToken%2CbuildEnvironmentVariables
[debug] [2023-05-01T14:31:04.828Z] >>> [apiv2][body] PATCH https://cloudfunctions.googleapis.com/v1/projects/sakinah-app/locations/us-central1/functions/sendEmailX {"name":"projects/sakinah-app/locations/us-central1/functions/sendEmailX","sourceUploadUrl":"https://storage.googleapis.com/uploads-46938583616.us-central1.cloudfunctions.appspot.com/df2a6d6e-6e8c-45a0-90c5-1da433c42de1.zip?GoogleAccessId=service-347492137716@gcf-admin-robot.iam.gserviceaccount.com&Expires=1682953260&Signature=t1OL%2BZIn8Sf%2BqT4tAd2WpiNhN14uVJ1jbXUIKU33yw8VPFCCCa92PZHgFOekV5Qof62AhU6Y%2FBf%2BjKv6%2BumfqpbTzrJuMMM%2BGkjzLck6YjbR%2FfW%2F9X922MyxurE3%2BTEtelZKuGRLtbcJqTiWkCZ6bUtMOQFuI3A3mKYRruCIbjNZybtOOEaTGJF0CVh%2FIJ1dR%2BH5IXVKiVVlHiNTVlZ4MeYS5XoOXTXD3PD6brB7XN7Ngo6%2FTqEXo7fDmJZEQG0ok1qMrFpTMetYzpTYAnl9Ancdb%2BZFCaYxBtc3ZgDbjO%2Fy%2B%2FLF7ErMOyQXroYS5ColbG8YFbgK%2F9YLMFAUX8IpQA%3D%3D","entryPoint":"sendEmailX","runtime":"nodejs16","dockerRegistry":"ARTIFACT_REGISTRY","labels":{"deployment-tool":"cli-firebase","firebase-functions-hash":"f10612b5c3b53687ba9cd1159991cf3e8bbabb79"},"eventTrigger":{"eventType":"providers/cloud.firestore/eventTypes/document.create","resource":"projects/sakinah-app/databases/(default)/documents/users/{id}"},"minInstances":null,"maxInstances":null,"ingressSettings":null,"environmentVariables":{"FIREBASE_CONFIG":"{\"projectId\":\"sakinah-app\",\"storageBucket\":\"sakinah-app.appspot.com\",\"locationId\":\"europe-west\"}","GCLOUD_PROJECT":"sakinah-app","EVENTARC_CLOUD_EVENT_SOURCE":"projects/sakinah-app/locations/us-central1/functions/sendEmailX"},"serviceAccountEmail":null,"availableMemoryMb":null,"timeout":null,"vpcConnector":null,"vpcConnectorEgressSettings":null,"buildEnvironmentVariables":{"GOOGLE_NODE_RUN_SCRIPTS":""}}
[debug] [2023-05-01T14:31:05.437Z] <<< [apiv2][status] PATCH https://cloudfunctions.googleapis.com/v1/projects/sakinah-app/locations/us-central1/functions/sendEmailX 200
[debug] [2023-05-01T14:31:05.437Z] <<< [apiv2][body] PATCH https://cloudfunctions.googleapis.com/v1/projects/sakinah-app/locations/us-central1/functions/sendEmailX {"name":"operations/c2FraW5haC1hcHAvdXMtY2VudHJhbDEvc2VuZEVtYWlsWC9uNkFmWnA1T0w1cw","metadata":{"@type":"type.googleapis.com/google.cloud.functions.v1.OperationMetadataV1","target":"projects/sakinah-app/locations/us-central1/functions/sendEmailX","type":"UPDATE_FUNCTION","request":{"@type":"type.googleapis.com/google.cloud.functions.v1.CloudFunction","name":"projects/sakinah-app/locations/us-central1/functions/sendEmailX","eventTrigger":{"eventType":"providers/cloud.firestore/eventTypes/document.create","resource":"projects/sakinah-app/databases/(default)/documents/users/{id}","service":"firestore.googleapis.com"},"status":"ACTIVE","entryPoint":"sendEmailX","updateTime":"2023-01-24T14:07:36.920Z","versionId":"25","labels":{"deployment-tool":"cli-firebase","firebase-functions-hash":"f10612b5c3b53687ba9cd1159991cf3e8bbabb79"},"sourceUploadUrl":"https://storage.googleapis.com/uploads-46938583616.us-central1.cloudfunctions.appspot.com/df2a6d6e-6e8c-45a0-90c5-1da433c42de1.zip?GoogleAccessId=service-347492137716@gcf-admin-robot.iam.gserviceaccount.com&Expires=1682953260&Signature=t1OL%2BZIn8Sf%2BqT4tAd2WpiNhN14uVJ1jbXUIKU33yw8VPFCCCa92PZHgFOekV5Qof62AhU6Y%2FBf%2BjKv6%2BumfqpbTzrJuMMM%2BGkjzLck6YjbR%2FfW%2F9X922MyxurE3%2BTEtelZKuGRLtbcJqTiWkCZ6bUtMOQFuI3A3mKYRruCIbjNZybtOOEaTGJF0CVh%2FIJ1dR%2BH5IXVKiVVlHiNTVlZ4MeYS5XoOXTXD3PD6brB7XN7Ngo6%2FTqEXo7fDmJZEQG0ok1qMrFpTMetYzpTYAnl9Ancdb%2BZFCaYxBtc3ZgDbjO%2Fy%2B%2FLF7ErMOyQXroYS5ColbG8YFbgK%2F9YLMFAUX8IpQA%3D%3D","environmentVariables":{"FIREBASE_CONFIG":"{\"projectId\":\"sakinah-app\",\"storageBucket\":\"sakinah-app.appspot.com\",\"locationId\":\"europe-west\"}","GCLOUD_PROJECT":"sakinah-app","EVENTARC_CLOUD_EVENT_SOURCE":"projects/sakinah-app/locations/us-central1/functions/sendEmailX"},"runtime":"nodejs16","buildId":"b2fb557c-a717-4c00-a1f6-c0795735a3aa","buildEnvironmentVariables":{"GOOGLE_NODE_RUN_SCRIPTS":""},"buildName":"projects/347492137716/locations/us-central1/builds/b2fb557c-a717-4c00-a1f6-c0795735a3aa","dockerRegistry":"ARTIFACT_REGISTRY"},"versionId":"26","updateTime":"2023-05-01T14:31:05Z"}}
[debug] [2023-05-01T14:31:05.439Z] >>> [apiv2][query] GET https://cloudfunctions.googleapis.com/v1/operations/c2FraW5haC1hcHAvdXMtY2VudHJhbDEvc2VuZEVtYWlsWC9uNkFmWnA1T0w1cw [none]
[debug] [2023-05-01T14:31:05.626Z] <<< [apiv2][status] GET https://cloudfunctions.googleapis.com/v1/operations/c2FraW5haC1hcHAvdXMtY2VudHJhbDEvc2VuZEVtYWlsWC9uNkFmWnA1T0w1cw 200
[debug] [2023-05-01T14:31:05.626Z] <<< [apiv2][body] GET https://cloudfunctions.googleapis.com/v1/operations/c2FraW5haC1hcHAvdXMtY2VudHJhbDEvc2VuZEVtYWlsWC9uNkFmWnA1T0w1cw {"name":"operations/c2FraW5haC1hcHAvdXMtY2VudHJhbDEvc2VuZEVtYWlsWC9uNkFmWnA1T0w1cw","metadata":{"@type":"type.googleapis.com/google.cloud.functions.v1.OperationMetadataV1","target":"projects/sakinah-app/locations/us-central1/functions/sendEmailX","type":"UPDATE_FUNCTION","request":{"@type":"type.googleapis.com/google.cloud.functions.v1.CloudFunction","name":"projects/sakinah-app/locations/us-central1/functions/sendEmailX","eventTrigger":{"eventType":"providers/cloud.firestore/eventTypes/document.create","resource":"projects/sakinah-app/databases/(default)/documents/users/{id}","service":"firestore.googleapis.com"},"status":"ACTIVE","entryPoint":"sendEmailX","updateTime":"2023-01-24T14:07:36.920Z","versionId":"25","labels":{"deployment-tool":"cli-firebase","firebase-functions-hash":"f10612b5c3b53687ba9cd1159991cf3e8bbabb79"},"sourceUploadUrl":"https://storage.googleapis.com/uploads-46938583616.us-central1.cloudfunctions.appspot.com/df2a6d6e-6e8c-45a0-90c5-1da433c42de1.zip?GoogleAccessId=service-347492137716@gcf-admin-robot.iam.gserviceaccount.com&Expires=1682953260&Signature=t1OL%2BZIn8Sf%2BqT4tAd2WpiNhN14uVJ1jbXUIKU33yw8VPFCCCa92PZHgFOekV5Qof62AhU6Y%2FBf%2BjKv6%2BumfqpbTzrJuMMM%2BGkjzLck6YjbR%2FfW%2F9X922MyxurE3%2BTEtelZKuGRLtbcJqTiWkCZ6bUtMOQFuI3A3mKYRruCIbjNZybtOOEaTGJF0CVh%2FIJ1dR%2BH5IXVKiVVlHiNTVlZ4MeYS5XoOXTXD3PD6brB7XN7Ngo6%2FTqEXo7fDmJZEQG0ok1qMrFpTMetYzpTYAnl9Ancdb%2BZFCaYxBtc3ZgDbjO%2Fy%2B%2FLF7ErMOyQXroYS5ColbG8YFbgK%2F9YLMFAUX8IpQA%3D%3D","environmentVariables":{"FIREBASE_CONFIG":"{\"projectId\":\"sakinah-app\",\"storageBucket\":\"sakinah-app.appspot.com\",\"locationId\":\"europe-west\"}","GCLOUD_PROJECT":"sakinah-app","EVENTARC_CLOUD_EVENT_SOURCE":"projects/sakinah-app/locations/us-central1/functions/sendEmailX"},"runtime":"nodejs16","buildId":"b2fb557c-a717-4c00-a1f6-c0795735a3aa","buildEnvironmentVariables":{"GOOGLE_NODE_RUN_SCRIPTS":""},"buildName":"projects/347492137716/locations/us-central1/builds/b2fb557c-a717-4c00-a1f6-c0795735a3aa","dockerRegistry":"ARTIFACT_REGISTRY"},"versionId":"26","updateTime":"2023-05-01T14:31:05Z"}}
[debug] [2023-05-01T14:31:06.128Z] [update-default-us-central1-sendEmailX] Retrying task index 0
[debug] [2023-05-01T14:31:06.129Z] >>> [apiv2][query] GET https://cloudfunctions.googleapis.com/v1/operations/c2FraW5haC1hcHAvdXMtY2VudHJhbDEvc2VuZEVtYWlsWC9uNkFmWnA1T0w1cw [none]
[debug] [2023-05-01T14:31:06.323Z] <<< [apiv2][status] GET https://cloudfunctions.googleapis.com/v1/operations/c2FraW5haC1hcHAvdXMtY2VudHJhbDEvc2VuZEVtYWlsWC9uNkFmWnA1T0w1cw 200
[debug] [2023-05-01T14:31:06.323Z] <<< [apiv2][body] GET https://cloudfunctions.googleapis.com/v1/operations/c2FraW5haC1hcHAvdXMtY2VudHJhbDEvc2VuZEVtYWlsWC9uNkFmWnA1T0w1cw {"name":"operations/c2FraW5haC1hcHAvdXMtY2VudHJhbDEvc2VuZEVtYWlsWC9uNkFmWnA1T0w1cw","metadata":{"@type":"type.googleapis.com/google.cloud.functions.v1.OperationMetadataV1","target":"projects/sakinah-app/locations/us-central1/functions/sendEmailX","type":"UPDATE_FUNCTION","request":{"@type":"type.googleapis.com/google.cloud.functions.v1.CloudFunction","name":"projects/sakinah-app/locations/us-central1/functions/sendEmailX","eventTrigger":{"eventType":"providers/cloud.firestore/eventTypes/document.create","resource":"projects/sakinah-app/databases/(default)/documents/users/{id}","service":"firestore.googleapis.com"},"status":"ACTIVE","entryPoint":"sendEmailX","updateTime":"2023-01-24T14:07:36.920Z","versionId":"25","labels":{"deployment-tool":"cli-firebase","firebase-functions-hash":"f10612b5c3b53687ba9cd1159991cf3e8bbabb79"},"sourceUploadUrl":"https://storage.googleapis.com/uploads-46938583616.us-central1.cloudfunctions.appspot.com/df2a6d6e-6e8c-45a0-90c5-1da433c42de1.zip?GoogleAccessId=service-347492137716@gcf-admin-robot.iam.gserviceaccount.com&Expires=1682953260&Signature=t1OL%2BZIn8Sf%2BqT4tAd2WpiNhN14uVJ1jbXUIKU33yw8VPFCCCa92PZHgFOekV5Qof62AhU6Y%2FBf%2BjKv6%2BumfqpbTzrJuMMM%2BGkjzLck6YjbR%2FfW%2F9X922MyxurE3%2BTEtelZKuGRLtbcJqTiWkCZ6bUtMOQFuI3A3mKYRruCIbjNZybtOOEaTGJF0CVh%2FIJ1dR%2BH5IXVKiVVlHiNTVlZ4MeYS5XoOXTXD3PD6brB7XN7Ngo6%2FTqEXo7fDmJZEQG0ok1qMrFpTMetYzpTYAnl9Ancdb%2BZFCaYxBtc3ZgDbjO%2Fy%2B%2FLF7ErMOyQXroYS5ColbG8YFbgK%2F9YLMFAUX8IpQA%3D%3D","environmentVariables":{"FIREBASE_CONFIG":"{\"projectId\":\"sakinah-app\",\"storageBucket\":\"sakinah-app.appspot.com\",\"locationId\":\"europe-west\"}","GCLOUD_PROJECT":"sakinah-app","EVENTARC_CLOUD_EVENT_SOURCE":"projects/sakinah-app/locations/us-central1/functions/sendEmailX"},"runtime":"nodejs16","buildId":"b2fb557c-a717-4c00-a1f6-c0795735a3aa","buildEnvironmentVariables":{"GOOGLE_NODE_RUN_SCRIPTS":""},"buildName":"projects/347492137716/locations/us-central1/builds/b2fb557c-a717-4c00-a1f6-c0795735a3aa","dockerRegistry":"ARTIFACT_REGISTRY"},"versionId":"26","updateTime":"2023-05-01T14:31:05Z","buildId":"ecb1bd5a-0f50-4af4-a2e0-4087f1df99d5","buildName":"projects/347492137716/locations/us-central1/builds/ecb1bd5a-0f50-4af4-a2e0-4087f1df99d5"}}
[debug] [2023-05-01T14:31:07.325Z] [update-default-us-central1-sendEmailX] Retrying task index 0
[debug] [2023-05-01T14:31:07.325Z] >>> [apiv2][query] GET https://cloudfunctions.googleapis.com/v1/operations/c2FraW5haC1hcHAvdXMtY2VudHJhbDEvc2VuZEVtYWlsWC9uNkFmWnA1T0w1cw [none]
[debug] [2023-05-01T14:31:07.538Z] <<< [apiv2][status] GET https://cloudfunctions.googleapis.com/v1/operations/c2FraW5haC1hcHAvdXMtY2VudHJhbDEvc2VuZEVtYWlsWC9uNkFmWnA1T0w1cw 200
[debug] [2023-05-01T14:31:07.538Z] <<< [apiv2][body] GET https://cloudfunctions.googleapis.com/v1/operations/c2FraW5haC1hcHAvdXMtY2VudHJhbDEvc2VuZEVtYWlsWC9uNkFmWnA1T0w1cw {"name":"operations/c2FraW5haC1hcHAvdXMtY2VudHJhbDEvc2VuZEVtYWlsWC9uNkFmWnA1T0w1cw","metadata":{"@type":"type.googleapis.com/google.cloud.functions.v1.OperationMetadataV1","target":"projects/sakinah-app/locations/us-central1/functions/sendEmailX","type":"UPDATE_FUNCTION","request":{"@type":"type.googleapis.com/google.cloud.functions.v1.CloudFunction","name":"projects/sakinah-app/locations/us-central1/functions/sendEmailX","eventTrigger":{"eventType":"providers/cloud.firestore/eventTypes/document.create","resource":"projects/sakinah-app/databases/(default)/documents/users/{id}","service":"firestore.googleapis.com"},"status":"ACTIVE","entryPoint":"sendEmailX","updateTime":"2023-01-24T14:07:36.920Z","versionId":"25","labels":{"deployment-tool":"cli-firebase","firebase-functions-hash":"f10612b5c3b53687ba9cd1159991cf3e8bbabb79"},"sourceUploadUrl":"https://storage.googleapis.com/uploads-46938583616.us-central1.cloudfunctions.appspot.com/df2a6d6e-6e8c-45a0-90c5-1da433c42de1.zip?GoogleAccessId=service-347492137716@gcf-admin-robot.iam.gserviceaccount.com&Expires=1682953260&Signature=t1OL%2BZIn8Sf%2BqT4tAd2WpiNhN14uVJ1jbXUIKU33yw8VPFCCCa92PZHgFOekV5Qof62AhU6Y%2FBf%2BjKv6%2BumfqpbTzrJuMMM%2BGkjzLck6YjbR%2FfW%2F9X922MyxurE3%2BTEtelZKuGRLtbcJqTiWkCZ6bUtMOQFuI3A3mKYRruCIbjNZybtOOEaTGJF0CVh%2FIJ1dR%2BH5IXVKiVVlHiNTVlZ4MeYS5XoOXTXD3PD6brB7XN7Ngo6%2FTqEXo7fDmJZEQG0ok1qMrFpTMetYzpTYAnl9Ancdb%2BZFCaYxBtc3ZgDbjO%2Fy%2B%2FLF7ErMOyQXroYS5ColbG8YFbgK%2F9YLMFAUX8IpQA%3D%3D","environmentVariables":{"FIREBASE_CONFIG":"{\"projectId\":\"sakinah-app\",\"storageBucket\":\"sakinah-app.appspot.com\",\"locationId\":\"europe-west\"}","GCLOUD_PROJECT":"sakinah-app","EVENTARC_CLOUD_EVENT_SOURCE":"projects/sakinah-app/locations/us-central1/functions/sendEmailX"},"runtime":"nodejs16","buildId":"b2fb557c-a717-4c00-a1f6-c0795735a3aa","buildEnvironmentVariables":{"GOOGLE_NODE_RUN_SCRIPTS":""},"buildName":"projects/347492137716/locations/us-central1/builds/b2fb557c-a717-4c00-a1f6-c0795735a3aa","dockerRegistry":"ARTIFACT_REGISTRY"},"versionId":"26","updateTime":"2023-05-01T14:31:05Z","buildId":"ecb1bd5a-0f50-4af4-a2e0-4087f1df99d5","buildName":"projects/347492137716/locations/us-central1/builds/ecb1bd5a-0f50-4af4-a2e0-4087f1df99d5"}}
[debug] [2023-05-01T14:31:09.540Z] [update-default-us-central1-sendEmailX] Retrying task index 0
[debug] [2023-05-01T14:31:09.540Z] >>> [apiv2][query] GET https://cloudfunctions.googleapis.com/v1/operations/c2FraW5haC1hcHAvdXMtY2VudHJhbDEvc2VuZEVtYWlsWC9uNkFmWnA1T0w1cw [none]
[debug] [2023-05-01T14:31:09.734Z] <<< [apiv2][status] GET https://cloudfunctions.googleapis.com/v1/operations/c2FraW5haC1hcHAvdXMtY2VudHJhbDEvc2VuZEVtYWlsWC9uNkFmWnA1T0w1cw 200
[debug] [2023-05-01T14:31:09.735Z] <<< [apiv2][body] GET https://cloudfunctions.googleapis.com/v1/operations/c2FraW5haC1hcHAvdXMtY2VudHJhbDEvc2VuZEVtYWlsWC9uNkFmWnA1T0w1cw {"name":"operations/c2FraW5haC1hcHAvdXMtY2VudHJhbDEvc2VuZEVtYWlsWC9uNkFmWnA1T0w1cw","metadata":{"@type":"type.googleapis.com/google.cloud.functions.v1.OperationMetadataV1","target":"projects/sakinah-app/locations/us-central1/functions/sendEmailX","type":"UPDATE_FUNCTION","request":{"@type":"type.googleapis.com/google.cloud.functions.v1.CloudFunction","name":"projects/sakinah-app/locations/us-central1/functions/sendEmailX","eventTrigger":{"eventType":"providers/cloud.firestore/eventTypes/document.create","resource":"projects/sakinah-app/databases/(default)/documents/users/{id}","service":"firestore.googleapis.com"},"status":"ACTIVE","entryPoint":"sendEmailX","updateTime":"2023-01-24T14:07:36.920Z","versionId":"25","labels":{"deployment-tool":"cli-firebase","firebase-functions-hash":"f10612b5c3b53687ba9cd1159991cf3e8bbabb79"},"sourceUploadUrl":"https://storage.googleapis.com/uploads-46938583616.us-central1.cloudfunctions.appspot.com/df2a6d6e-6e8c-45a0-90c5-1da433c42de1.zip?GoogleAccessId=service-347492137716@gcf-admin-robot.iam.gserviceaccount.com&Expires=1682953260&Signature=t1OL%2BZIn8Sf%2BqT4tAd2WpiNhN14uVJ1jbXUIKU33yw8VPFCCCa92PZHgFOekV5Qof62AhU6Y%2FBf%2BjKv6%2BumfqpbTzrJuMMM%2BGkjzLck6YjbR%2FfW%2F9X922MyxurE3%2BTEtelZKuGRLtbcJqTiWkCZ6bUtMOQFuI3A3mKYRruCIbjNZybtOOEaTGJF0CVh%2FIJ1dR%2BH5IXVKiVVlHiNTVlZ4MeYS5XoOXTXD3PD6brB7XN7Ngo6%2FTqEXo7fDmJZEQG0ok1qMrFpTMetYzpTYAnl9Ancdb%2BZFCaYxBtc3ZgDbjO%2Fy%2B%2FLF7ErMOyQXroYS5ColbG8YFbgK%2F9YLMFAUX8IpQA%3D%3D","environmentVariables":{"FIREBASE_CONFIG":"{\"projectId\":\"sakinah-app\",\"storageBucket\":\"sakinah-app.appspot.com\",\"locationId\":\"europe-west\"}","GCLOUD_PROJECT":"sakinah-app","EVENTARC_CLOUD_EVENT_SOURCE":"projects/sakinah-app/locations/us-central1/functions/sendEmailX"},"runtime":"nodejs16","buildId":"b2fb557c-a717-4c00-a1f6-c0795735a3aa","buildEnvironmentVariables":{"GOOGLE_NODE_RUN_SCRIPTS":""},"buildName":"projects/347492137716/locations/us-central1/builds/b2fb557c-a717-4c00-a1f6-c0795735a3aa","dockerRegistry":"ARTIFACT_REGISTRY"},"versionId":"26","updateTime":"2023-05-01T14:31:05Z","buildId":"ecb1bd5a-0f50-4af4-a2e0-4087f1df99d5","buildName":"projects/347492137716/locations/us-central1/builds/ecb1bd5a-0f50-4af4-a2e0-4087f1df99d5"}}
[debug] [2023-05-01T14:31:13.736Z] [update-default-us-central1-sendEmailX] Retrying task index 0
[debug] [2023-05-01T14:31:13.737Z] >>> [apiv2][query] GET https://cloudfunctions.googleapis.com/v1/operations/c2FraW5haC1hcHAvdXMtY2VudHJhbDEvc2VuZEVtYWlsWC9uNkFmWnA1T0w1cw [none]
[debug] [2023-05-01T14:31:13.970Z] <<< [apiv2][status] GET https://cloudfunctions.googleapis.com/v1/operations/c2FraW5haC1hcHAvdXMtY2VudHJhbDEvc2VuZEVtYWlsWC9uNkFmWnA1T0w1cw 200
[debug] [2023-05-01T14:31:13.970Z] <<< [apiv2][body] GET https://cloudfunctions.googleapis.com/v1/operations/c2FraW5haC1hcHAvdXMtY2VudHJhbDEvc2VuZEVtYWlsWC9uNkFmWnA1T0w1cw {"name":"operations/c2FraW5haC1hcHAvdXMtY2VudHJhbDEvc2VuZEVtYWlsWC9uNkFmWnA1T0w1cw","metadata":{"@type":"type.googleapis.com/google.cloud.functions.v1.OperationMetadataV1","target":"projects/sakinah-app/locations/us-central1/functions/sendEmailX","type":"UPDATE_FUNCTION","request":{"@type":"type.googleapis.com/google.cloud.functions.v1.CloudFunction","name":"projects/sakinah-app/locations/us-central1/functions/sendEmailX","eventTrigger":{"eventType":"providers/cloud.firestore/eventTypes/document.create","resource":"projects/sakinah-app/databases/(default)/documents/users/{id}","service":"firestore.googleapis.com"},"status":"ACTIVE","entryPoint":"sendEmailX","updateTime":"2023-01-24T14:07:36.920Z","versionId":"25","labels":{"deployment-tool":"cli-firebase","firebase-functions-hash":"f10612b5c3b53687ba9cd1159991cf3e8bbabb79"},"sourceUploadUrl":"https://storage.googleapis.com/uploads-46938583616.us-central1.cloudfunctions.appspot.com/df2a6d6e-6e8c-45a0-90c5-1da433c42de1.zip?GoogleAccessId=service-347492137716@gcf-admin-robot.iam.gserviceaccount.com&Expires=1682953260&Signature=t1OL%2BZIn8Sf%2BqT4tAd2WpiNhN14uVJ1jbXUIKU33yw8VPFCCCa92PZHgFOekV5Qof62AhU6Y%2FBf%2BjKv6%2BumfqpbTzrJuMMM%2BGkjzLck6YjbR%2FfW%2F9X922MyxurE3%2BTEtelZKuGRLtbcJqTiWkCZ6bUtMOQFuI3A3mKYRruCIbjNZybtOOEaTGJF0CVh%2FIJ1dR%2BH5IXVKiVVlHiNTVlZ4MeYS5XoOXTXD3PD6brB7XN7Ngo6%2FTqEXo7fDmJZEQG0ok1qMrFpTMetYzpTYAnl9Ancdb%2BZFCaYxBtc3ZgDbjO%2Fy%2B%2FLF7ErMOyQXroYS5ColbG8YFbgK%2F9YLMFAUX8IpQA%3D%3D","environmentVariables":{"FIREBASE_CONFIG":"{\"projectId\":\"sakinah-app\",\"storageBucket\":\"sakinah-app.appspot.com\",\"locationId\":\"europe-west\"}","GCLOUD_PROJECT":"sakinah-app","EVENTARC_CLOUD_EVENT_SOURCE":"projects/sakinah-app/locations/us-central1/functions/sendEmailX"},"runtime":"nodejs16","buildId":"b2fb557c-a717-4c00-a1f6-c0795735a3aa","buildEnvironmentVariables":{"GOOGLE_NODE_RUN_SCRIPTS":""},"buildName":"projects/347492137716/locations/us-central1/builds/b2fb557c-a717-4c00-a1f6-c0795735a3aa","dockerRegistry":"ARTIFACT_REGISTRY"},"versionId":"26","updateTime":"2023-05-01T14:31:05Z","buildId":"ecb1bd5a-0f50-4af4-a2e0-4087f1df99d5","buildName":"projects/347492137716/locations/us-central1/builds/ecb1bd5a-0f50-4af4-a2e0-4087f1df99d5"}}
[debug] [2023-05-01T14:31:21.972Z] [update-default-us-central1-sendEmailX] Retrying task index 0
[debug] [2023-05-01T14:31:21.972Z] >>> [apiv2][query] GET https://cloudfunctions.googleapis.com/v1/operations/c2FraW5haC1hcHAvdXMtY2VudHJhbDEvc2VuZEVtYWlsWC9uNkFmWnA1T0w1cw [none]
[debug] [2023-05-01T14:31:22.175Z] <<< [apiv2][status] GET https://cloudfunctions.googleapis.com/v1/operations/c2FraW5haC1hcHAvdXMtY2VudHJhbDEvc2VuZEVtYWlsWC9uNkFmWnA1T0w1cw 200
[debug] [2023-05-01T14:31:22.175Z] <<< [apiv2][body] GET https://cloudfunctions.googleapis.com/v1/operations/c2FraW5haC1hcHAvdXMtY2VudHJhbDEvc2VuZEVtYWlsWC9uNkFmWnA1T0w1cw {"name":"operations/c2FraW5haC1hcHAvdXMtY2VudHJhbDEvc2VuZEVtYWlsWC9uNkFmWnA1T0w1cw","metadata":{"@type":"type.googleapis.com/google.cloud.functions.v1.OperationMetadataV1","target":"projects/sakinah-app/locations/us-central1/functions/sendEmailX","type":"UPDATE_FUNCTION","request":{"@type":"type.googleapis.com/google.cloud.functions.v1.CloudFunction","name":"projects/sakinah-app/locations/us-central1/functions/sendEmailX","eventTrigger":{"eventType":"providers/cloud.firestore/eventTypes/document.create","resource":"projects/sakinah-app/databases/(default)/documents/users/{id}","service":"firestore.googleapis.com"},"status":"ACTIVE","entryPoint":"sendEmailX","updateTime":"2023-01-24T14:07:36.920Z","versionId":"25","labels":{"deployment-tool":"cli-firebase","firebase-functions-hash":"f10612b5c3b53687ba9cd1159991cf3e8bbabb79"},"sourceUploadUrl":"https://storage.googleapis.com/uploads-46938583616.us-central1.cloudfunctions.appspot.com/df2a6d6e-6e8c-45a0-90c5-1da433c42de1.zip?GoogleAccessId=service-347492137716@gcf-admin-robot.iam.gserviceaccount.com&Expires=1682953260&Signature=t1OL%2BZIn8Sf%2BqT4tAd2WpiNhN14uVJ1jbXUIKU33yw8VPFCCCa92PZHgFOekV5Qof62AhU6Y%2FBf%2BjKv6%2BumfqpbTzrJuMMM%2BGkjzLck6YjbR%2FfW%2F9X922MyxurE3%2BTEtelZKuGRLtbcJqTiWkCZ6bUtMOQFuI3A3mKYRruCIbjNZybtOOEaTGJF0CVh%2FIJ1dR%2BH5IXVKiVVlHiNTVlZ4MeYS5XoOXTXD3PD6brB7XN7Ngo6%2FTqEXo7fDmJZEQG0ok1qMrFpTMetYzpTYAnl9Ancdb%2BZFCaYxBtc3ZgDbjO%2Fy%2B%2FLF7ErMOyQXroYS5ColbG8YFbgK%2F9YLMFAUX8IpQA%3D%3D","environmentVariables":{"FIREBASE_CONFIG":"{\"projectId\":\"sakinah-app\",\"storageBucket\":\"sakinah-app.appspot.com\",\"locationId\":\"europe-west\"}","GCLOUD_PROJECT":"sakinah-app","EVENTARC_CLOUD_EVENT_SOURCE":"projects/sakinah-app/locations/us-central1/functions/sendEmailX"},"runtime":"nodejs16","buildId":"b2fb557c-a717-4c00-a1f6-c0795735a3aa","buildEnvironmentVariables":{"GOOGLE_NODE_RUN_SCRIPTS":""},"buildName":"projects/347492137716/locations/us-central1/builds/b2fb557c-a717-4c00-a1f6-c0795735a3aa","dockerRegistry":"ARTIFACT_REGISTRY"},"versionId":"26","updateTime":"2023-05-01T14:31:05Z","buildId":"ecb1bd5a-0f50-4af4-a2e0-4087f1df99d5","buildName":"projects/347492137716/locations/us-central1/builds/ecb1bd5a-0f50-4af4-a2e0-4087f1df99d5"}}
[debug] [2023-05-01T14:31:32.177Z] [update-default-us-central1-sendEmailX] Retrying task index 0
[debug] [2023-05-01T14:31:32.178Z] >>> [apiv2][query] GET https://cloudfunctions.googleapis.com/v1/operations/c2FraW5haC1hcHAvdXMtY2VudHJhbDEvc2VuZEVtYWlsWC9uNkFmWnA1T0w1cw [none]
[debug] [2023-05-01T14:31:32.390Z] <<< [apiv2][status] GET https://cloudfunctions.googleapis.com/v1/operations/c2FraW5haC1hcHAvdXMtY2VudHJhbDEvc2VuZEVtYWlsWC9uNkFmWnA1T0w1cw 200
[debug] [2023-05-01T14:31:32.390Z] <<< [apiv2][body] GET https://cloudfunctions.googleapis.com/v1/operations/c2FraW5haC1hcHAvdXMtY2VudHJhbDEvc2VuZEVtYWlsWC9uNkFmWnA1T0w1cw {"name":"operations/c2FraW5haC1hcHAvdXMtY2VudHJhbDEvc2VuZEVtYWlsWC9uNkFmWnA1T0w1cw","metadata":{"@type":"type.googleapis.com/google.cloud.functions.v1.OperationMetadataV1","target":"projects/sakinah-app/locations/us-central1/functions/sendEmailX","type":"UPDATE_FUNCTION","request":{"@type":"type.googleapis.com/google.cloud.functions.v1.CloudFunction","name":"projects/sakinah-app/locations/us-central1/functions/sendEmailX","eventTrigger":{"eventType":"providers/cloud.firestore/eventTypes/document.create","resource":"projects/sakinah-app/databases/(default)/documents/users/{id}","service":"firestore.googleapis.com"},"status":"ACTIVE","entryPoint":"sendEmailX","updateTime":"2023-01-24T14:07:36.920Z","versionId":"25","labels":{"deployment-tool":"cli-firebase","firebase-functions-hash":"f10612b5c3b53687ba9cd1159991cf3e8bbabb79"},"sourceUploadUrl":"https://storage.googleapis.com/uploads-46938583616.us-central1.cloudfunctions.appspot.com/df2a6d6e-6e8c-45a0-90c5-1da433c42de1.zip?GoogleAccessId=service-347492137716@gcf-admin-robot.iam.gserviceaccount.com&Expires=1682953260&Signature=t1OL%2BZIn8Sf%2BqT4tAd2WpiNhN14uVJ1jbXUIKU33yw8VPFCCCa92PZHgFOekV5Qof62AhU6Y%2FBf%2BjKv6%2BumfqpbTzrJuMMM%2BGkjzLck6YjbR%2FfW%2F9X922MyxurE3%2BTEtelZKuGRLtbcJqTiWkCZ6bUtMOQFuI3A3mKYRruCIbjNZybtOOEaTGJF0CVh%2FIJ1dR%2BH5IXVKiVVlHiNTVlZ4MeYS5XoOXTXD3PD6brB7XN7Ngo6%2FTqEXo7fDmJZEQG0ok1qMrFpTMetYzpTYAnl9Ancdb%2BZFCaYxBtc3ZgDbjO%2Fy%2B%2FLF7ErMOyQXroYS5ColbG8YFbgK%2F9YLMFAUX8IpQA%3D%3D","environmentVariables":{"FIREBASE_CONFIG":"{\"projectId\":\"sakinah-app\",\"storageBucket\":\"sakinah-app.appspot.com\",\"locationId\":\"europe-west\"}","GCLOUD_PROJECT":"sakinah-app","EVENTARC_CLOUD_EVENT_SOURCE":"projects/sakinah-app/locations/us-central1/functions/sendEmailX"},"runtime":"nodejs16","buildId":"b2fb557c-a717-4c00-a1f6-c0795735a3aa","buildEnvironmentVariables":{"GOOGLE_NODE_RUN_SCRIPTS":""},"buildName":"projects/347492137716/locations/us-central1/builds/b2fb557c-a717-4c00-a1f6-c0795735a3aa","dockerRegistry":"ARTIFACT_REGISTRY"},"versionId":"26","updateTime":"2023-05-01T14:31:05Z","buildId":"ecb1bd5a-0f50-4af4-a2e0-4087f1df99d5","buildName":"projects/347492137716/locations/us-central1/builds/ecb1bd5a-0f50-4af4-a2e0-4087f1df99d5"}}
[debug] [2023-05-01T14:31:42.392Z] [update-default-us-central1-sendEmailX] Retrying task index 0
[debug] [2023-05-01T14:31:42.393Z] >>> [apiv2][query] GET https://cloudfunctions.googleapis.com/v1/operations/c2FraW5haC1hcHAvdXMtY2VudHJhbDEvc2VuZEVtYWlsWC9uNkFmWnA1T0w1cw [none]
[debug] [2023-05-01T14:31:42.631Z] <<< [apiv2][status] GET https://cloudfunctions.googleapis.com/v1/operations/c2FraW5haC1hcHAvdXMtY2VudHJhbDEvc2VuZEVtYWlsWC9uNkFmWnA1T0w1cw 200
[debug] [2023-05-01T14:31:42.631Z] <<< [apiv2][body] GET https://cloudfunctions.googleapis.com/v1/operations/c2FraW5haC1hcHAvdXMtY2VudHJhbDEvc2VuZEVtYWlsWC9uNkFmWnA1T0w1cw {"name":"operations/c2FraW5haC1hcHAvdXMtY2VudHJhbDEvc2VuZEVtYWlsWC9uNkFmWnA1T0w1cw","metadata":{"@type":"type.googleapis.com/google.cloud.functions.v1.OperationMetadataV1","target":"projects/sakinah-app/locations/us-central1/functions/sendEmailX","type":"UPDATE_FUNCTION","request":{"@type":"type.googleapis.com/google.cloud.functions.v1.CloudFunction","name":"projects/sakinah-app/locations/us-central1/functions/sendEmailX","eventTrigger":{"eventType":"providers/cloud.firestore/eventTypes/document.create","resource":"projects/sakinah-app/databases/(default)/documents/users/{id}","service":"firestore.googleapis.com"},"status":"ACTIVE","entryPoint":"sendEmailX","updateTime":"2023-01-24T14:07:36.920Z","versionId":"25","labels":{"deployment-tool":"cli-firebase","firebase-functions-hash":"f10612b5c3b53687ba9cd1159991cf3e8bbabb79"},"sourceUploadUrl":"https://storage.googleapis.com/uploads-46938583616.us-central1.cloudfunctions.appspot.com/df2a6d6e-6e8c-45a0-90c5-1da433c42de1.zip?GoogleAccessId=service-347492137716@gcf-admin-robot.iam.gserviceaccount.com&Expires=1682953260&Signature=t1OL%2BZIn8Sf%2BqT4tAd2WpiNhN14uVJ1jbXUIKU33yw8VPFCCCa92PZHgFOekV5Qof62AhU6Y%2FBf%2BjKv6%2BumfqpbTzrJuMMM%2BGkjzLck6YjbR%2FfW%2F9X922MyxurE3%2BTEtelZKuGRLtbcJqTiWkCZ6bUtMOQFuI3A3mKYRruCIbjNZybtOOEaTGJF0CVh%2FIJ1dR%2BH5IXVKiVVlHiNTVlZ4MeYS5XoOXTXD3PD6brB7XN7Ngo6%2FTqEXo7fDmJZEQG0ok1qMrFpTMetYzpTYAnl9Ancdb%2BZFCaYxBtc3ZgDbjO%2Fy%2B%2FLF7ErMOyQXroYS5ColbG8YFbgK%2F9YLMFAUX8IpQA%3D%3D","environmentVariables":{"FIREBASE_CONFIG":"{\"projectId\":\"sakinah-app\",\"storageBucket\":\"sakinah-app.appspot.com\",\"locationId\":\"europe-west\"}","GCLOUD_PROJECT":"sakinah-app","EVENTARC_CLOUD_EVENT_SOURCE":"projects/sakinah-app/locations/us-central1/functions/sendEmailX"},"runtime":"nodejs16","buildId":"b2fb557c-a717-4c00-a1f6-c0795735a3aa","buildEnvironmentVariables":{"GOOGLE_NODE_RUN_SCRIPTS":""},"buildName":"projects/347492137716/locations/us-central1/builds/b2fb557c-a717-4c00-a1f6-c0795735a3aa","dockerRegistry":"ARTIFACT_REGISTRY"},"versionId":"26","updateTime":"2023-05-01T14:31:05Z","buildId":"ecb1bd5a-0f50-4af4-a2e0-4087f1df99d5","buildName":"projects/347492137716/locations/us-central1/builds/ecb1bd5a-0f50-4af4-a2e0-4087f1df99d5"}}
[debug] [2023-05-01T14:31:52.633Z] [update-default-us-central1-sendEmailX] Retrying task index 0
[debug] [2023-05-01T14:31:52.634Z] >>> [apiv2][query] GET https://cloudfunctions.googleapis.com/v1/operations/c2FraW5haC1hcHAvdXMtY2VudHJhbDEvc2VuZEVtYWlsWC9uNkFmWnA1T0w1cw [none]
[debug] [2023-05-01T14:31:52.831Z] <<< [apiv2][status] GET https://cloudfunctions.googleapis.com/v1/operations/c2FraW5haC1hcHAvdXMtY2VudHJhbDEvc2VuZEVtYWlsWC9uNkFmWnA1T0w1cw 200
[debug] [2023-05-01T14:31:52.831Z] <<< [apiv2][body] GET https://cloudfunctions.googleapis.com/v1/operations/c2FraW5haC1hcHAvdXMtY2VudHJhbDEvc2VuZEVtYWlsWC9uNkFmWnA1T0w1cw {"name":"operations/c2FraW5haC1hcHAvdXMtY2VudHJhbDEvc2VuZEVtYWlsWC9uNkFmWnA1T0w1cw","metadata":{"@type":"type.googleapis.com/google.cloud.functions.v1.OperationMetadataV1","target":"projects/sakinah-app/locations/us-central1/functions/sendEmailX","type":"UPDATE_FUNCTION","request":{"@type":"type.googleapis.com/google.cloud.functions.v1.CloudFunction","name":"projects/sakinah-app/locations/us-central1/functions/sendEmailX","eventTrigger":{"eventType":"providers/cloud.firestore/eventTypes/document.create","resource":"projects/sakinah-app/databases/(default)/documents/users/{id}","service":"firestore.googleapis.com"},"status":"ACTIVE","entryPoint":"sendEmailX","updateTime":"2023-01-24T14:07:36.920Z","versionId":"25","labels":{"deployment-tool":"cli-firebase","firebase-functions-hash":"f10612b5c3b53687ba9cd1159991cf3e8bbabb79"},"sourceUploadUrl":"https://storage.googleapis.com/uploads-46938583616.us-central1.cloudfunctions.appspot.com/df2a6d6e-6e8c-45a0-90c5-1da433c42de1.zip?GoogleAccessId=service-347492137716@gcf-admin-robot.iam.gserviceaccount.com&Expires=1682953260&Signature=t1OL%2BZIn8Sf%2BqT4tAd2WpiNhN14uVJ1jbXUIKU33yw8VPFCCCa92PZHgFOekV5Qof62AhU6Y%2FBf%2BjKv6%2BumfqpbTzrJuMMM%2BGkjzLck6YjbR%2FfW%2F9X922MyxurE3%2BTEtelZKuGRLtbcJqTiWkCZ6bUtMOQFuI3A3mKYRruCIbjNZybtOOEaTGJF0CVh%2FIJ1dR%2BH5IXVKiVVlHiNTVlZ4MeYS5XoOXTXD3PD6brB7XN7Ngo6%2FTqEXo7fDmJZEQG0ok1qMrFpTMetYzpTYAnl9Ancdb%2BZFCaYxBtc3ZgDbjO%2Fy%2B%2FLF7ErMOyQXroYS5ColbG8YFbgK%2F9YLMFAUX8IpQA%3D%3D","environmentVariables":{"FIREBASE_CONFIG":"{\"projectId\":\"sakinah-app\",\"storageBucket\":\"sakinah-app.appspot.com\",\"locationId\":\"europe-west\"}","GCLOUD_PROJECT":"sakinah-app","EVENTARC_CLOUD_EVENT_SOURCE":"projects/sakinah-app/locations/us-central1/functions/sendEmailX"},"runtime":"nodejs16","buildId":"b2fb557c-a717-4c00-a1f6-c0795735a3aa","buildEnvironmentVariables":{"GOOGLE_NODE_RUN_SCRIPTS":""},"buildName":"projects/347492137716/locations/us-central1/builds/b2fb557c-a717-4c00-a1f6-c0795735a3aa","dockerRegistry":"ARTIFACT_REGISTRY"},"versionId":"26","updateTime":"2023-05-01T14:31:05Z","buildId":"ecb1bd5a-0f50-4af4-a2e0-4087f1df99d5","buildName":"projects/347492137716/locations/us-central1/builds/ecb1bd5a-0f50-4af4-a2e0-4087f1df99d5"}}
[debug] [2023-05-01T14:32:02.833Z] [update-default-us-central1-sendEmailX] Retrying task index 0
[debug] [2023-05-01T14:32:02.834Z] >>> [apiv2][query] GET https://cloudfunctions.googleapis.com/v1/operations/c2FraW5haC1hcHAvdXMtY2VudHJhbDEvc2VuZEVtYWlsWC9uNkFmWnA1T0w1cw [none]
[debug] [2023-05-01T14:32:03.051Z] <<< [apiv2][status] GET https://cloudfunctions.googleapis.com/v1/operations/c2FraW5haC1hcHAvdXMtY2VudHJhbDEvc2VuZEVtYWlsWC9uNkFmWnA1T0w1cw 200
[debug] [2023-05-01T14:32:03.051Z] <<< [apiv2][body] GET https://cloudfunctions.googleapis.com/v1/operations/c2FraW5haC1hcHAvdXMtY2VudHJhbDEvc2VuZEVtYWlsWC9uNkFmWnA1T0w1cw {"name":"operations/c2FraW5haC1hcHAvdXMtY2VudHJhbDEvc2VuZEVtYWlsWC9uNkFmWnA1T0w1cw","metadata":{"@type":"type.googleapis.com/google.cloud.functions.v1.OperationMetadataV1","target":"projects/sakinah-app/locations/us-central1/functions/sendEmailX","type":"UPDATE_FUNCTION","request":{"@type":"type.googleapis.com/google.cloud.functions.v1.CloudFunction","name":"projects/sakinah-app/locations/us-central1/functions/sendEmailX","eventTrigger":{"eventType":"providers/cloud.firestore/eventTypes/document.create","resource":"projects/sakinah-app/databases/(default)/documents/users/{id}","service":"firestore.googleapis.com"},"status":"ACTIVE","entryPoint":"sendEmailX","updateTime":"2023-01-24T14:07:36.920Z","versionId":"25","labels":{"deployment-tool":"cli-firebase","firebase-functions-hash":"f10612b5c3b53687ba9cd1159991cf3e8bbabb79"},"sourceUploadUrl":"https://storage.googleapis.com/uploads-46938583616.us-central1.cloudfunctions.appspot.com/df2a6d6e-6e8c-45a0-90c5-1da433c42de1.zip?GoogleAccessId=service-347492137716@gcf-admin-robot.iam.gserviceaccount.com&Expires=1682953260&Signature=t1OL%2BZIn8Sf%2BqT4tAd2WpiNhN14uVJ1jbXUIKU33yw8VPFCCCa92PZHgFOekV5Qof62AhU6Y%2FBf%2BjKv6%2BumfqpbTzrJuMMM%2BGkjzLck6YjbR%2FfW%2F9X922MyxurE3%2BTEtelZKuGRLtbcJqTiWkCZ6bUtMOQFuI3A3mKYRruCIbjNZybtOOEaTGJF0CVh%2FIJ1dR%2BH5IXVKiVVlHiNTVlZ4MeYS5XoOXTXD3PD6brB7XN7Ngo6%2FTqEXo7fDmJZEQG0ok1qMrFpTMetYzpTYAnl9Ancdb%2BZFCaYxBtc3ZgDbjO%2Fy%2B%2FLF7ErMOyQXroYS5ColbG8YFbgK%2F9YLMFAUX8IpQA%3D%3D","environmentVariables":{"FIREBASE_CONFIG":"{\"projectId\":\"sakinah-app\",\"storageBucket\":\"sakinah-app.appspot.com\",\"locationId\":\"europe-west\"}","GCLOUD_PROJECT":"sakinah-app","EVENTARC_CLOUD_EVENT_SOURCE":"projects/sakinah-app/locations/us-central1/functions/sendEmailX"},"runtime":"nodejs16","buildId":"b2fb557c-a717-4c00-a1f6-c0795735a3aa","buildEnvironmentVariables":{"GOOGLE_NODE_RUN_SCRIPTS":""},"buildName":"projects/347492137716/locations/us-central1/builds/b2fb557c-a717-4c00-a1f6-c0795735a3aa","dockerRegistry":"ARTIFACT_REGISTRY"},"versionId":"26","updateTime":"2023-05-01T14:31:05Z","buildId":"ecb1bd5a-0f50-4af4-a2e0-4087f1df99d5","sourceToken":"63005276-08d2-4ab0-8cc2-6b5eaef45c17","buildName":"projects/347492137716/locations/us-central1/builds/ecb1bd5a-0f50-4af4-a2e0-4087f1df99d5"}}
[debug] [2023-05-01T14:32:03.052Z] Got source token 63005276-08d2-4ab0-8cc2-6b5eaef45c17 for region us-central1
[debug] [2023-05-01T14:32:03.052Z] >>> [apiv2][query] PATCH https://cloudfunctions.googleapis.com/v1/projects/sakinah-app/locations/us-central1/functions/sendEmailRegister updateMask=name%2CsourceUploadUrl%2CentryPoint%2Cruntime%2CdockerRegistry%2Clabels%2CeventTrigger.eventType%2CeventTrigger.resource%2CeventTrigger.failurePolicy%2CminInstances%2CmaxInstances%2CingressSettings%2CenvironmentVariables%2CserviceAccountEmail%2CavailableMemoryMb%2Ctimeout%2CvpcConnector%2CvpcConnectorEgressSettings%2CsourceToken%2CbuildEnvironmentVariables
[debug] [2023-05-01T14:32:03.052Z] >>> [apiv2][body] PATCH https://cloudfunctions.googleapis.com/v1/projects/sakinah-app/locations/us-central1/functions/sendEmailRegister {"name":"projects/sakinah-app/locations/us-central1/functions/sendEmailRegister","sourceUploadUrl":"https://storage.googleapis.com/uploads-46938583616.us-central1.cloudfunctions.appspot.com/df2a6d6e-6e8c-45a0-90c5-1da433c42de1.zip?GoogleAccessId=service-347492137716@gcf-admin-robot.iam.gserviceaccount.com&Expires=1682953260&Signature=t1OL%2BZIn8Sf%2BqT4tAd2WpiNhN14uVJ1jbXUIKU33yw8VPFCCCa92PZHgFOekV5Qof62AhU6Y%2FBf%2BjKv6%2BumfqpbTzrJuMMM%2BGkjzLck6YjbR%2FfW%2F9X922MyxurE3%2BTEtelZKuGRLtbcJqTiWkCZ6bUtMOQFuI3A3mKYRruCIbjNZybtOOEaTGJF0CVh%2FIJ1dR%2BH5IXVKiVVlHiNTVlZ4MeYS5XoOXTXD3PD6brB7XN7Ngo6%2FTqEXo7fDmJZEQG0ok1qMrFpTMetYzpTYAnl9Ancdb%2BZFCaYxBtc3ZgDbjO%2Fy%2B%2FLF7ErMOyQXroYS5ColbG8YFbgK%2F9YLMFAUX8IpQA%3D%3D","entryPoint":"sendEmailRegister","runtime":"nodejs16","dockerRegistry":"ARTIFACT_REGISTRY","labels":{"deployment-tool":"cli-firebase","firebase-functions-hash":"f10612b5c3b53687ba9cd1159991cf3e8bbabb79"},"eventTrigger":{"eventType":"providers/cloud.firestore/eventTypes/document.create","resource":"projects/sakinah-app/databases/(default)/documents/therapy-session/{id}"},"minInstances":null,"maxInstances":null,"ingressSettings":null,"environmentVariables":{"FIREBASE_CONFIG":"{\"projectId\":\"sakinah-app\",\"storageBucket\":\"sakinah-app.appspot.com\",\"locationId\":\"europe-west\"}","GCLOUD_PROJECT":"sakinah-app","EVENTARC_CLOUD_EVENT_SOURCE":"projects/sakinah-app/locations/us-central1/functions/sendEmailRegister"},"serviceAccountEmail":null,"availableMemoryMb":null,"timeout":null,"vpcConnector":null,"vpcConnectorEgressSettings":null,"sourceToken":"63005276-08d2-4ab0-8cc2-6b5eaef45c17","buildEnvironmentVariables":{"GOOGLE_NODE_RUN_SCRIPTS":""}}
[debug] [2023-05-01T14:32:03.599Z] <<< [apiv2][status] PATCH https://cloudfunctions.googleapis.com/v1/projects/sakinah-app/locations/us-central1/functions/sendEmailRegister 200
[debug] [2023-05-01T14:32:03.599Z] <<< [apiv2][body] PATCH https://cloudfunctions.googleapis.com/v1/projects/sakinah-app/locations/us-central1/functions/sendEmailRegister {"name":"operations/c2FraW5haC1hcHAvdXMtY2VudHJhbDEvc2VuZEVtYWlsUmVnaXN0ZXIvajkzR1k4MjBTeWs","metadata":{"@type":"type.googleapis.com/google.cloud.functions.v1.OperationMetadataV1","target":"projects/sakinah-app/locations/us-central1/functions/sendEmailRegister","type":"UPDATE_FUNCTION","request":{"@type":"type.googleapis.com/google.cloud.functions.v1.CloudFunction","name":"projects/sakinah-app/locations/us-central1/functions/sendEmailRegister","eventTrigger":{"eventType":"providers/cloud.firestore/eventTypes/document.create","resource":"projects/sakinah-app/databases/(default)/documents/therapy-session/{id}","service":"firestore.googleapis.com"},"status":"ACTIVE","entryPoint":"sendEmailRegister","updateTime":"2023-01-24T14:07:32.824Z","versionId":"16","labels":{"deployment-tool":"cli-firebase","firebase-functions-hash":"f10612b5c3b53687ba9cd1159991cf3e8bbabb79"},"sourceUploadUrl":"https://storage.googleapis.com/uploads-46938583616.us-central1.cloudfunctions.appspot.com/df2a6d6e-6e8c-45a0-90c5-1da433c42de1.zip?GoogleAccessId=service-347492137716@gcf-admin-robot.iam.gserviceaccount.com&Expires=1682953260&Signature=t1OL%2BZIn8Sf%2BqT4tAd2WpiNhN14uVJ1jbXUIKU33yw8VPFCCCa92PZHgFOekV5Qof62AhU6Y%2FBf%2BjKv6%2BumfqpbTzrJuMMM%2BGkjzLck6YjbR%2FfW%2F9X922MyxurE3%2BTEtelZKuGRLtbcJqTiWkCZ6bUtMOQFuI3A3mKYRruCIbjNZybtOOEaTGJF0CVh%2FIJ1dR%2BH5IXVKiVVlHiNTVlZ4MeYS5XoOXTXD3PD6brB7XN7Ngo6%2FTqEXo7fDmJZEQG0ok1qMrFpTMetYzpTYAnl9Ancdb%2BZFCaYxBtc3ZgDbjO%2Fy%2B%2FLF7ErMOyQXroYS5ColbG8YFbgK%2F9YLMFAUX8IpQA%3D%3D","environmentVariables":{"FIREBASE_CONFIG":"{\"projectId\":\"sakinah-app\",\"storageBucket\":\"sakinah-app.appspot.com\",\"locationId\":\"europe-west\"}","GCLOUD_PROJECT":"sakinah-app","EVENTARC_CLOUD_EVENT_SOURCE":"projects/sakinah-app/locations/us-central1/functions/sendEmailRegister"},"runtime":"nodejs16","buildId":"b2fb557c-a717-4c00-a1f6-c0795735a3aa","buildEnvironmentVariables":{"GOOGLE_NODE_RUN_SCRIPTS":""},"sourceToken":"63005276-08d2-4ab0-8cc2-6b5eaef45c17","buildName":"projects/347492137716/locations/us-central1/builds/b2fb557c-a717-4c00-a1f6-c0795735a3aa","dockerRegistry":"ARTIFACT_REGISTRY"},"versionId":"17","updateTime":"2023-05-01T14:32:03Z","sourceToken":"63005276-08d2-4ab0-8cc2-6b5eaef45c17"}}
[debug] [2023-05-01T14:32:03.599Z] >>> [apiv2][query] GET https://cloudfunctions.googleapis.com/v1/operations/c2FraW5haC1hcHAvdXMtY2VudHJhbDEvc2VuZEVtYWlsUmVnaXN0ZXIvajkzR1k4MjBTeWs [none]
[debug] [2023-05-01T14:32:03.795Z] <<< [apiv2][status] GET https://cloudfunctions.googleapis.com/v1/operations/c2FraW5haC1hcHAvdXMtY2VudHJhbDEvc2VuZEVtYWlsUmVnaXN0ZXIvajkzR1k4MjBTeWs 200
[debug] [2023-05-01T14:32:03.795Z] <<< [apiv2][body] GET https://cloudfunctions.googleapis.com/v1/operations/c2FraW5haC1hcHAvdXMtY2VudHJhbDEvc2VuZEVtYWlsUmVnaXN0ZXIvajkzR1k4MjBTeWs {"name":"operations/c2FraW5haC1hcHAvdXMtY2VudHJhbDEvc2VuZEVtYWlsUmVnaXN0ZXIvajkzR1k4MjBTeWs","metadata":{"@type":"type.googleapis.com/google.cloud.functions.v1.OperationMetadataV1","target":"projects/sakinah-app/locations/us-central1/functions/sendEmailRegister","type":"UPDATE_FUNCTION","request":{"@type":"type.googleapis.com/google.cloud.functions.v1.CloudFunction","name":"projects/sakinah-app/locations/us-central1/functions/sendEmailRegister","eventTrigger":{"eventType":"providers/cloud.firestore/eventTypes/document.create","resource":"projects/sakinah-app/databases/(default)/documents/therapy-session/{id}","service":"firestore.googleapis.com"},"status":"ACTIVE","entryPoint":"sendEmailRegister","updateTime":"2023-01-24T14:07:32.824Z","versionId":"16","labels":{"deployment-tool":"cli-firebase","firebase-functions-hash":"f10612b5c3b53687ba9cd1159991cf3e8bbabb79"},"sourceUploadUrl":"https://storage.googleapis.com/uploads-46938583616.us-central1.cloudfunctions.appspot.com/df2a6d6e-6e8c-45a0-90c5-1da433c42de1.zip?GoogleAccessId=service-347492137716@gcf-admin-robot.iam.gserviceaccount.com&Expires=1682953260&Signature=t1OL%2BZIn8Sf%2BqT4tAd2WpiNhN14uVJ1jbXUIKU33yw8VPFCCCa92PZHgFOekV5Qof62AhU6Y%2FBf%2BjKv6%2BumfqpbTzrJuMMM%2BGkjzLck6YjbR%2FfW%2F9X922MyxurE3%2BTEtelZKuGRLtbcJqTiWkCZ6bUtMOQFuI3A3mKYRruCIbjNZybtOOEaTGJF0CVh%2FIJ1dR%2BH5IXVKiVVlHiNTVlZ4MeYS5XoOXTXD3PD6brB7XN7Ngo6%2FTqEXo7fDmJZEQG0ok1qMrFpTMetYzpTYAnl9Ancdb%2BZFCaYxBtc3ZgDbjO%2Fy%2B%2FLF7ErMOyQXroYS5ColbG8YFbgK%2F9YLMFAUX8IpQA%3D%3D","environmentVariables":{"FIREBASE_CONFIG":"{\"projectId\":\"sakinah-app\",\"storageBucket\":\"sakinah-app.appspot.com\",\"locationId\":\"europe-west\"}","GCLOUD_PROJECT":"sakinah-app","EVENTARC_CLOUD_EVENT_SOURCE":"projects/sakinah-app/locations/us-central1/functions/sendEmailRegister"},"runtime":"nodejs16","buildId":"b2fb557c-a717-4c00-a1f6-c0795735a3aa","buildEnvironmentVariables":{"GOOGLE_NODE_RUN_SCRIPTS":""},"sourceToken":"63005276-08d2-4ab0-8cc2-6b5eaef45c17","buildName":"projects/347492137716/locations/us-central1/builds/b2fb557c-a717-4c00-a1f6-c0795735a3aa","dockerRegistry":"ARTIFACT_REGISTRY"},"versionId":"17","updateTime":"2023-05-01T14:32:03Z","sourceToken":"63005276-08d2-4ab0-8cc2-6b5eaef45c17"}}
[debug] [2023-05-01T14:32:03.796Z] Got source token 63005276-08d2-4ab0-8cc2-6b5eaef45c17 for region us-central1
[debug] [2023-05-01T14:32:04.298Z] [update-default-us-central1-sendEmailRegister] Retrying task index 0
[debug] [2023-05-01T14:32:04.298Z] >>> [apiv2][query] GET https://cloudfunctions.googleapis.com/v1/operations/c2FraW5haC1hcHAvdXMtY2VudHJhbDEvc2VuZEVtYWlsUmVnaXN0ZXIvajkzR1k4MjBTeWs [none]
[debug] [2023-05-01T14:32:04.508Z] <<< [apiv2][status] GET https://cloudfunctions.googleapis.com/v1/operations/c2FraW5haC1hcHAvdXMtY2VudHJhbDEvc2VuZEVtYWlsUmVnaXN0ZXIvajkzR1k4MjBTeWs 200
[debug] [2023-05-01T14:32:04.508Z] <<< [apiv2][body] GET https://cloudfunctions.googleapis.com/v1/operations/c2FraW5haC1hcHAvdXMtY2VudHJhbDEvc2VuZEVtYWlsUmVnaXN0ZXIvajkzR1k4MjBTeWs {"name":"operations/c2FraW5haC1hcHAvdXMtY2VudHJhbDEvc2VuZEVtYWlsUmVnaXN0ZXIvajkzR1k4MjBTeWs","metadata":{"@type":"type.googleapis.com/google.cloud.functions.v1.OperationMetadataV1","target":"projects/sakinah-app/locations/us-central1/functions/sendEmailRegister","type":"UPDATE_FUNCTION","request":{"@type":"type.googleapis.com/google.cloud.functions.v1.CloudFunction","name":"projects/sakinah-app/locations/us-central1/functions/sendEmailRegister","eventTrigger":{"eventType":"providers/cloud.firestore/eventTypes/document.create","resource":"projects/sakinah-app/databases/(default)/documents/therapy-session/{id}","service":"firestore.googleapis.com"},"status":"ACTIVE","entryPoint":"sendEmailRegister","updateTime":"2023-01-24T14:07:32.824Z","versionId":"16","labels":{"deployment-tool":"cli-firebase","firebase-functions-hash":"f10612b5c3b53687ba9cd1159991cf3e8bbabb79"},"sourceUploadUrl":"https://storage.googleapis.com/uploads-46938583616.us-central1.cloudfunctions.appspot.com/df2a6d6e-6e8c-45a0-90c5-1da433c42de1.zip?GoogleAccessId=service-347492137716@gcf-admin-robot.iam.gserviceaccount.com&Expires=1682953260&Signature=t1OL%2BZIn8Sf%2BqT4tAd2WpiNhN14uVJ1jbXUIKU33yw8VPFCCCa92PZHgFOekV5Qof62AhU6Y%2FBf%2BjKv6%2BumfqpbTzrJuMMM%2BGkjzLck6YjbR%2FfW%2F9X922MyxurE3%2BTEtelZKuGRLtbcJqTiWkCZ6bUtMOQFuI3A3mKYRruCIbjNZybtOOEaTGJF0CVh%2FIJ1dR%2BH5IXVKiVVlHiNTVlZ4MeYS5XoOXTXD3PD6brB7XN7Ngo6%2FTqEXo7fDmJZEQG0ok1qMrFpTMetYzpTYAnl9Ancdb%2BZFCaYxBtc3ZgDbjO%2Fy%2B%2FLF7ErMOyQXroYS5ColbG8YFbgK%2F9YLMFAUX8IpQA%3D%3D","environmentVariables":{"FIREBASE_CONFIG":"{\"projectId\":\"sakinah-app\",\"storageBucket\":\"sakinah-app.appspot.com\",\"locationId\":\"europe-west\"}","GCLOUD_PROJECT":"sakinah-app","EVENTARC_CLOUD_EVENT_SOURCE":"projects/sakinah-app/locations/us-central1/functions/sendEmailRegister"},"runtime":"nodejs16","buildId":"b2fb557c-a717-4c00-a1f6-c0795735a3aa","buildEnvironmentVariables":{"GOOGLE_NODE_RUN_SCRIPTS":""},"sourceToken":"63005276-08d2-4ab0-8cc2-6b5eaef45c17","buildName":"projects/347492137716/locations/us-central1/builds/b2fb557c-a717-4c00-a1f6-c0795735a3aa","dockerRegistry":"ARTIFACT_REGISTRY"},"versionId":"17","updateTime":"2023-05-01T14:32:03Z","buildId":"ecb1bd5a-0f50-4af4-a2e0-4087f1df99d5","sourceToken":"63005276-08d2-4ab0-8cc2-6b5eaef45c17","buildName":"projects/347492137716/locations/us-central1/builds/ecb1bd5a-0f50-4af4-a2e0-4087f1df99d5"}}
[debug] [2023-05-01T14:32:04.509Z] Got source token 63005276-08d2-4ab0-8cc2-6b5eaef45c17 for region us-central1
[debug] [2023-05-01T14:32:05.510Z] [update-default-us-central1-sendEmailRegister] Retrying task index 0
[debug] [2023-05-01T14:32:05.511Z] >>> [apiv2][query] GET https://cloudfunctions.googleapis.com/v1/operations/c2FraW5haC1hcHAvdXMtY2VudHJhbDEvc2VuZEVtYWlsUmVnaXN0ZXIvajkzR1k4MjBTeWs [none]
[debug] [2023-05-01T14:32:05.702Z] <<< [apiv2][status] GET https://cloudfunctions.googleapis.com/v1/operations/c2FraW5haC1hcHAvdXMtY2VudHJhbDEvc2VuZEVtYWlsUmVnaXN0ZXIvajkzR1k4MjBTeWs 200
[debug] [2023-05-01T14:32:05.702Z] <<< [apiv2][body] GET https://cloudfunctions.googleapis.com/v1/operations/c2FraW5haC1hcHAvdXMtY2VudHJhbDEvc2VuZEVtYWlsUmVnaXN0ZXIvajkzR1k4MjBTeWs {"name":"operations/c2FraW5haC1hcHAvdXMtY2VudHJhbDEvc2VuZEVtYWlsUmVnaXN0ZXIvajkzR1k4MjBTeWs","metadata":{"@type":"type.googleapis.com/google.cloud.functions.v1.OperationMetadataV1","target":"projects/sakinah-app/locations/us-central1/functions/sendEmailRegister","type":"UPDATE_FUNCTION","request":{"@type":"type.googleapis.com/google.cloud.functions.v1.CloudFunction","name":"projects/sakinah-app/locations/us-central1/functions/sendEmailRegister","eventTrigger":{"eventType":"providers/cloud.firestore/eventTypes/document.create","resource":"projects/sakinah-app/databases/(default)/documents/therapy-session/{id}","service":"firestore.googleapis.com"},"status":"ACTIVE","entryPoint":"sendEmailRegister","updateTime":"2023-01-24T14:07:32.824Z","versionId":"16","labels":{"deployment-tool":"cli-firebase","firebase-functions-hash":"f10612b5c3b53687ba9cd1159991cf3e8bbabb79"},"sourceUploadUrl":"https://storage.googleapis.com/uploads-46938583616.us-central1.cloudfunctions.appspot.com/df2a6d6e-6e8c-45a0-90c5-1da433c42de1.zip?GoogleAccessId=service-347492137716@gcf-admin-robot.iam.gserviceaccount.com&Expires=1682953260&Signature=t1OL%2BZIn8Sf%2BqT4tAd2WpiNhN14uVJ1jbXUIKU33yw8VPFCCCa92PZHgFOekV5Qof62AhU6Y%2FBf%2BjKv6%2BumfqpbTzrJuMMM%2BGkjzLck6YjbR%2FfW%2F9X922MyxurE3%2BTEtelZKuGRLtbcJqTiWkCZ6bUtMOQFuI3A3mKYRruCIbjNZybtOOEaTGJF0CVh%2FIJ1dR%2BH5IXVKiVVlHiNTVlZ4MeYS5XoOXTXD3PD6brB7XN7Ngo6%2FTqEXo7fDmJZEQG0ok1qMrFpTMetYzpTYAnl9Ancdb%2BZFCaYxBtc3ZgDbjO%2Fy%2B%2FLF7ErMOyQXroYS5ColbG8YFbgK%2F9YLMFAUX8IpQA%3D%3D","environmentVariables":{"FIREBASE_CONFIG":"{\"projectId\":\"sakinah-app\",\"storageBucket\":\"sakinah-app.appspot.com\",\"locationId\":\"europe-west\"}","GCLOUD_PROJECT":"sakinah-app","EVENTARC_CLOUD_EVENT_SOURCE":"projects/sakinah-app/locations/us-central1/functions/sendEmailRegister"},"runtime":"nodejs16","buildId":"b2fb557c-a717-4c00-a1f6-c0795735a3aa","buildEnvironmentVariables":{"GOOGLE_NODE_RUN_SCRIPTS":""},"sourceToken":"63005276-08d2-4ab0-8cc2-6b5eaef45c17","buildName":"projects/347492137716/locations/us-central1/builds/b2fb557c-a717-4c00-a1f6-c0795735a3aa","dockerRegistry":"ARTIFACT_REGISTRY"},"versionId":"17","updateTime":"2023-05-01T14:32:03Z","buildId":"ecb1bd5a-0f50-4af4-a2e0-4087f1df99d5","sourceToken":"63005276-08d2-4ab0-8cc2-6b5eaef45c17","buildName":"projects/347492137716/locations/us-central1/builds/ecb1bd5a-0f50-4af4-a2e0-4087f1df99d5"}}
[debug] [2023-05-01T14:32:05.702Z] Got source token 63005276-08d2-4ab0-8cc2-6b5eaef45c17 for region us-central1
